{"/home/ramon/Documents/Projetos-Driven/Projeto_20_todo/backend/src/app.ts": {"path":"/home/ramon/Documents/Projetos-Driven/Projeto_20_todo/backend/src/app.ts","statementMap":{"0":{"start":{"line":1,"column":0},"end":{"line":1,"column":20}},"1":{"start":{"line":2,"column":0},"end":{"line":2,"column":24}},"2":{"start":{"line":3,"column":0},"end":{"line":3,"column":40}},"3":{"start":{"line":4,"column":0},"end":{"line":4,"column":30}},"4":{"start":{"line":5,"column":0},"end":{"line":5,"column":81}},"5":{"start":{"line":6,"column":0},"end":{"line":6,"column":40}},"6":{"start":{"line":8,"column":12},"end":{"line":8,"column":21}},"7":{"start":{"line":9,"column":0},"end":{"line":9,"column":16}},"8":{"start":{"line":10,"column":0},"end":{"line":10,"column":16}},"9":{"start":{"line":11,"column":0},"end":{"line":11,"column":16}},"10":{"start":{"line":12,"column":0},"end":{"line":12,"column":32}},"11":{"start":{"line":14,"column":0},"end":{"line":14,"column":19}}},"fnMap":{},"branchMap":{},"s":{"0":3,"1":3,"2":3,"3":3,"4":3,"5":3,"6":3,"7":3,"8":3,"9":3,"10":3,"11":3},"f":{},"b":{}}
,"/home/ramon/Documents/Projetos-Driven/Projeto_20_todo/backend/src/database.ts": {"path":"/home/ramon/Documents/Projetos-Driven/Projeto_20_todo/backend/src/database.ts","statementMap":{"0":{"start":{"line":1,"column":0},"end":{"line":1,"column":33}},"1":{"start":{"line":3,"column":25},"end":{"line":3,"column":28}},"2":{"start":{"line":4,"column":13},"end":{"line":4,"column":41}}},"fnMap":{},"branchMap":{},"s":{"0":6,"1":6,"2":6},"f":{},"b":{}}
,"/home/ramon/Documents/Projetos-Driven/Projeto_20_todo/backend/src/setup.ts": {"path":"/home/ramon/Documents/Projetos-Driven/Projeto_20_todo/backend/src/setup.ts","statementMap":{"0":{"start":{"line":1,"column":0},"end":{"line":1,"column":28}},"1":{"start":{"line":2,"column":0},"end":{"line":2,"column":16}}},"fnMap":{},"branchMap":{},"s":{"0":3,"1":3},"f":{},"b":{}}
,"/home/ramon/Documents/Projetos-Driven/Projeto_20_todo/backend/src/controllers/categoryController.ts": {"path":"/home/ramon/Documents/Projetos-Driven/Projeto_20_todo/backend/src/controllers/categoryController.ts","statementMap":{"0":{"start":{"line":3,"column":0},"end":{"line":3,"column":61}},"1":{"start":{"line":6,"column":43},"end":{"line":6,"column":51}},"2":{"start":{"line":7,"column":21},"end":{"line":7,"column":31}},"3":{"start":{"line":9,"column":2},"end":{"line":9,"column":53}},"4":{"start":{"line":11,"column":2},"end":{"line":11,"column":22}},"5":{"start":{"line":15,"column":21},"end":{"line":15,"column":31}},"6":{"start":{"line":17,"column":21},"end":{"line":17,"column":57}},"7":{"start":{"line":19,"column":2},"end":{"line":19,"column":35}},"8":{"start":{"line":22,"column":27},"end":{"line":25,"column":2}},"9":{"start":{"line":27,"column":0},"end":{"line":27,"column":34}}},"fnMap":{"0":{"name":"create","decl":{"start":{"line":5,"column":15},"end":{"line":5,"column":21}},"loc":{"start":{"line":5,"column":49},"end":{"line":12,"column":null}}},"1":{"name":"getAll","decl":{"start":{"line":14,"column":15},"end":{"line":14,"column":21}},"loc":{"start":{"line":14,"column":50},"end":{"line":20,"column":null}}}},"branchMap":{},"s":{"0":3,"1":1,"2":1,"3":1,"4":1,"5":0,"6":0,"7":0,"8":3,"9":3},"f":{"0":1,"1":0},"b":{}}
,"/home/ramon/Documents/Projetos-Driven/Projeto_20_todo/backend/src/controllers/dayController.ts": {"path":"/home/ramon/Documents/Projetos-Driven/Projeto_20_todo/backend/src/controllers/dayController.ts","statementMap":{"0":{"start":{"line":2,"column":0},"end":{"line":2,"column":51}},"1":{"start":{"line":5,"column":15},"end":{"line":5,"column":40}},"2":{"start":{"line":7,"column":2},"end":{"line":7,"column":29}},"3":{"start":{"line":10,"column":22},"end":{"line":12,"column":2}},"4":{"start":{"line":14,"column":0},"end":{"line":14,"column":29}}},"fnMap":{"0":{"name":"getAll","decl":{"start":{"line":4,"column":15},"end":{"line":4,"column":21}},"loc":{"start":{"line":4,"column":50},"end":{"line":8,"column":null}}}},"branchMap":{},"s":{"0":3,"1":0,"2":0,"3":3,"4":3},"f":{"0":0},"b":{}}
,"/home/ramon/Documents/Projetos-Driven/Projeto_20_todo/backend/src/controllers/e2eController.ts": {"path":"/home/ramon/Documents/Projetos-Driven/Projeto_20_todo/backend/src/controllers/e2eController.ts","statementMap":{"0":{"start":{"line":2,"column":0},"end":{"line":2,"column":51}},"1":{"start":{"line":5,"column":2},"end":{"line":5,"column":30}},"2":{"start":{"line":7,"column":2},"end":{"line":7,"column":22}},"3":{"start":{"line":10,"column":22},"end":{"line":12,"column":2}},"4":{"start":{"line":14,"column":0},"end":{"line":14,"column":29}}},"fnMap":{"0":{"name":"truncate","decl":{"start":{"line":4,"column":15},"end":{"line":4,"column":23}},"loc":{"start":{"line":4,"column":52},"end":{"line":8,"column":null}}}},"branchMap":{},"s":{"0":3,"1":0,"2":0,"3":3,"4":3},"f":{"0":0},"b":{}}
,"/home/ramon/Documents/Projetos-Driven/Projeto_20_todo/backend/src/controllers/taskController.ts": {"path":"/home/ramon/Documents/Projetos-Driven/Projeto_20_todo/backend/src/controllers/taskController.ts","statementMap":{"0":{"start":{"line":3,"column":0},"end":{"line":3,"column":53}},"1":{"start":{"line":6,"column":35},"end":{"line":6,"column":43}},"2":{"start":{"line":7,"column":21},"end":{"line":7,"column":31}},"3":{"start":{"line":9,"column":2},"end":{"line":9,"column":55}},"4":{"start":{"line":11,"column":2},"end":{"line":11,"column":22}},"5":{"start":{"line":22,"column":23},"end":{"line":24,"column":2}},"6":{"start":{"line":26,"column":0},"end":{"line":26,"column":30}}},"fnMap":{"0":{"name":"create","decl":{"start":{"line":5,"column":15},"end":{"line":5,"column":21}},"loc":{"start":{"line":5,"column":49},"end":{"line":12,"column":null}}}},"branchMap":{},"s":{"0":3,"1":1,"2":1,"3":1,"4":1,"5":3,"6":3},"f":{"0":1},"b":{}}
,"/home/ramon/Documents/Projetos-Driven/Projeto_20_todo/backend/src/controllers/userController.ts": {"path":"/home/ramon/Documents/Projetos-Driven/Projeto_20_todo/backend/src/controllers/userController.ts","statementMap":{"0":{"start":{"line":3,"column":0},"end":{"line":3,"column":68}},"1":{"start":{"line":6,"column":29},"end":{"line":6,"column":37}},"2":{"start":{"line":8,"column":2},"end":{"line":8,"column":37}},"3":{"start":{"line":10,"column":2},"end":{"line":10,"column":22}},"4":{"start":{"line":14,"column":31},"end":{"line":14,"column":39}},"5":{"start":{"line":16,"column":15},"end":{"line":16,"column":49}},"6":{"start":{"line":18,"column":2},"end":{"line":18,"column":29}},"7":{"start":{"line":21,"column":23},"end":{"line":24,"column":2}},"8":{"start":{"line":26,"column":0},"end":{"line":26,"column":30}}},"fnMap":{"0":{"name":"signUp","decl":{"start":{"line":5,"column":15},"end":{"line":5,"column":21}},"loc":{"start":{"line":5,"column":49},"end":{"line":11,"column":null}}},"1":{"name":"login","decl":{"start":{"line":13,"column":15},"end":{"line":13,"column":20}},"loc":{"start":{"line":13,"column":48},"end":{"line":19,"column":null}}}},"branchMap":{},"s":{"0":3,"1":1,"2":1,"3":1,"4":1,"5":1,"6":1,"7":3,"8":3},"f":{"0":1,"1":1},"b":{}}
,"/home/ramon/Documents/Projetos-Driven/Projeto_20_todo/backend/src/middlewares/ensureAuthenticatedMiddleware.ts": {"path":"/home/ramon/Documents/Projetos-Driven/Projeto_20_todo/backend/src/middlewares/ensureAuthenticatedMiddleware.ts","statementMap":{"0":{"start":{"line":2,"column":0},"end":{"line":2,"column":31}},"1":{"start":{"line":3,"column":0},"end":{"line":3,"column":59}},"2":{"start":{"line":10,"column":24},"end":{"line":10,"column":52}},"3":{"start":{"line":11,"column":2},"end":{"line":11,"column":78}},"4":{"start":{"line":11,"column":22},"end":{"line":11,"column":78}},"5":{"start":{"line":13,"column":16},"end":{"line":13,"column":52}},"6":{"start":{"line":14,"column":2},"end":{"line":14,"column":55}},"7":{"start":{"line":14,"column":14},"end":{"line":14,"column":55}},"8":{"start":{"line":16,"column":2},"end":{"line":27,"column":null}},"9":{"start":{"line":17,"column":23},"end":{"line":17,"column":null}},"10":{"start":{"line":21,"column":4},"end":{"line":21,"column":31}},"11":{"start":{"line":23,"column":4},"end":{"line":23,"column":11}},"12":{"start":{"line":25,"column":4},"end":{"line":25,"column":21}},"13":{"start":{"line":26,"column":4},"end":{"line":26,"column":45}},"14":{"start":{"line":5,"column":0},"end":{"line":5,"column":22}}},"fnMap":{"0":{"name":"ensureAuthenticatedMiddleware","decl":{"start":{"line":5,"column":22},"end":{"line":5,"column":51}},"loc":{"start":{"line":8,"column":20},"end":{"line":28,"column":null}}}},"branchMap":{"0":{"loc":{"start":{"line":11,"column":2},"end":{"line":11,"column":78}},"type":"if","locations":[{"start":{"line":11,"column":2},"end":{"line":11,"column":78}}]},"1":{"loc":{"start":{"line":14,"column":2},"end":{"line":14,"column":55}},"type":"if","locations":[{"start":{"line":14,"column":2},"end":{"line":14,"column":55}}]}},"s":{"0":3,"1":3,"2":2,"3":2,"4":0,"5":2,"6":2,"7":0,"8":2,"9":2,"10":2,"11":2,"12":0,"13":0,"14":3},"f":{"0":2},"b":{"0":[0],"1":[0]}}
,"/home/ramon/Documents/Projetos-Driven/Projeto_20_todo/backend/src/middlewares/errorHandlerMiddleware.ts": {"path":"/home/ramon/Documents/Projetos-Driven/Projeto_20_todo/backend/src/middlewares/errorHandlerMiddleware.ts","statementMap":{"0":{"start":{"line":2,"column":0},"end":{"line":2,"column":null}},"1":{"start":{"line":14,"column":2},"end":{"line":14,"column":19}},"2":{"start":{"line":16,"column":2},"end":{"line":18,"column":null}},"3":{"start":{"line":17,"column":4},"end":{"line":17,"column":73}},"4":{"start":{"line":20,"column":2},"end":{"line":20,"column":29}},"5":{"start":{"line":8,"column":0},"end":{"line":8,"column":16}}},"fnMap":{"0":{"name":"errorHandlerMiddleware","decl":{"start":{"line":8,"column":16},"end":{"line":8,"column":38}},"loc":{"start":{"line":12,"column":21},"end":{"line":21,"column":1}}}},"branchMap":{"0":{"loc":{"start":{"line":16,"column":2},"end":{"line":18,"column":null}},"type":"if","locations":[{"start":{"line":16,"column":2},"end":{"line":18,"column":null}}]}},"s":{"0":3,"1":0,"2":0,"3":0,"4":0,"5":3},"f":{"0":0},"b":{"0":[0]}}
,"/home/ramon/Documents/Projetos-Driven/Projeto_20_todo/backend/src/middlewares/validateSchemaMiddleware.ts": {"path":"/home/ramon/Documents/Projetos-Driven/Projeto_20_todo/backend/src/middlewares/validateSchemaMiddleware.ts","statementMap":{"0":{"start":{"line":3,"column":0},"end":{"line":3,"column":58}},"1":{"start":{"line":6,"column":2},"end":{"line":13,"column":4}},"2":{"start":{"line":7,"column":23},"end":{"line":7,"column":48}},"3":{"start":{"line":8,"column":4},"end":{"line":10,"column":null}},"4":{"start":{"line":9,"column":6},"end":{"line":9,"column":55}},"5":{"start":{"line":12,"column":4},"end":{"line":12,"column":11}},"6":{"start":{"line":5,"column":0},"end":{"line":5,"column":16}}},"fnMap":{"0":{"name":"validateSchemaMiddleware","decl":{"start":{"line":5,"column":16},"end":{"line":5,"column":40}},"loc":{"start":{"line":5,"column":61},"end":{"line":14,"column":1}}},"1":{"name":"(anonymous_1)","decl":{"start":{"line":6,"column":9},"end":{"line":6,"column":10}},"loc":{"start":{"line":6,"column":62},"end":{"line":13,"column":3}}}},"branchMap":{"0":{"loc":{"start":{"line":8,"column":4},"end":{"line":10,"column":null}},"type":"if","locations":[{"start":{"line":8,"column":4},"end":{"line":10,"column":null}}]}},"s":{"0":3,"1":12,"2":4,"3":4,"4":0,"5":4,"6":3},"f":{"0":12,"1":4},"b":{"0":[0]}}
,"/home/ramon/Documents/Projetos-Driven/Projeto_20_todo/backend/src/repositories/categoryRepository.ts": {"path":"/home/ramon/Documents/Projetos-Driven/Projeto_20_todo/backend/src/repositories/categoryRepository.ts","statementMap":{"0":{"start":{"line":2,"column":0},"end":{"line":2,"column":40}},"1":{"start":{"line":7,"column":2},"end":{"line":9,"column":5}},"2":{"start":{"line":13,"column":2},"end":{"line":17,"column":5}},"3":{"start":{"line":21,"column":2},"end":{"line":26,"column":5}},"4":{"start":{"line":30,"column":2},"end":{"line":34,"column":5}},"5":{"start":{"line":38,"column":2},"end":{"line":38,"column":73}},"6":{"start":{"line":41,"column":27},"end":{"line":47,"column":2}},"7":{"start":{"line":49,"column":0},"end":{"line":49,"column":34}}},"fnMap":{"0":{"name":"insert","decl":{"start":{"line":6,"column":9},"end":{"line":6,"column":15}},"loc":{"start":{"line":6,"column":48},"end":{"line":10,"column":1}}},"1":{"name":"getById","decl":{"start":{"line":12,"column":9},"end":{"line":12,"column":16}},"loc":{"start":{"line":12,"column":35},"end":{"line":18,"column":1}}},"2":{"name":"getByNameAndUserId","decl":{"start":{"line":20,"column":9},"end":{"line":20,"column":27}},"loc":{"start":{"line":20,"column":56},"end":{"line":27,"column":1}}},"3":{"name":"getByUserId","decl":{"start":{"line":29,"column":9},"end":{"line":29,"column":20}},"loc":{"start":{"line":29,"column":35},"end":{"line":35,"column":1}}},"4":{"name":"truncate","decl":{"start":{"line":37,"column":15},"end":{"line":37,"column":23}},"loc":{"start":{"line":37,"column":23},"end":{"line":39,"column":null}}}},"branchMap":{},"s":{"0":5,"1":2,"2":1,"3":3,"4":0,"5":5,"6":5,"7":5},"f":{"0":2,"1":1,"2":3,"3":0,"4":5},"b":{}}
,"/home/ramon/Documents/Projetos-Driven/Projeto_20_todo/backend/src/repositories/dayRepository.ts": {"path":"/home/ramon/Documents/Projetos-Driven/Projeto_20_todo/backend/src/repositories/dayRepository.ts","statementMap":{"0":{"start":{"line":2,"column":0},"end":{"line":2,"column":40}},"1":{"start":{"line":7,"column":2},"end":{"line":7,"column":31}},"2":{"start":{"line":10,"column":22},"end":{"line":12,"column":2}},"3":{"start":{"line":14,"column":0},"end":{"line":14,"column":29}}},"fnMap":{"0":{"name":"findAll","decl":{"start":{"line":6,"column":9},"end":{"line":6,"column":16}},"loc":{"start":{"line":6,"column":16},"end":{"line":8,"column":1}}}},"branchMap":{},"s":{"0":4,"1":5,"2":4,"3":4},"f":{"0":5},"b":{}}
,"/home/ramon/Documents/Projetos-Driven/Projeto_20_todo/backend/src/repositories/taskRepository.ts": {"path":"/home/ramon/Documents/Projetos-Driven/Projeto_20_todo/backend/src/repositories/taskRepository.ts","statementMap":{"0":{"start":{"line":2,"column":0},"end":{"line":2,"column":40}},"1":{"start":{"line":7,"column":2},"end":{"line":17,"column":5}},"2":{"start":{"line":12,"column":51},"end":{"line":14,"column":10}},"3":{"start":{"line":21,"column":2},"end":{"line":28,"column":5}},"4":{"start":{"line":32,"column":2},"end":{"line":32,"column":69}},"5":{"start":{"line":35,"column":23},"end":{"line":35,"column":63}},"6":{"start":{"line":37,"column":0},"end":{"line":37,"column":30}}},"fnMap":{"0":{"name":"insert","decl":{"start":{"line":6,"column":9},"end":{"line":6,"column":15}},"loc":{"start":{"line":6,"column":46},"end":{"line":18,"column":1}}},"1":{"name":"(anonymous_1)","decl":{"start":{"line":12,"column":41},"end":{"line":12,"column":42}},"loc":{"start":{"line":12,"column":51},"end":{"line":14,"column":10}}},"2":{"name":"getByNameAndUserId","decl":{"start":{"line":20,"column":9},"end":{"line":20,"column":27}},"loc":{"start":{"line":20,"column":56},"end":{"line":29,"column":1}}},"3":{"name":"truncate","decl":{"start":{"line":31,"column":9},"end":{"line":31,"column":17}},"loc":{"start":{"line":31,"column":17},"end":{"line":33,"column":1}}}},"branchMap":{},"s":{"0":4,"1":1,"2":1,"3":2,"4":3,"5":4,"6":4},"f":{"0":1,"1":1,"2":2,"3":3},"b":{}}
,"/home/ramon/Documents/Projetos-Driven/Projeto_20_todo/backend/src/repositories/userRepository.ts": {"path":"/home/ramon/Documents/Projetos-Driven/Projeto_20_todo/backend/src/repositories/userRepository.ts","statementMap":{"0":{"start":{"line":2,"column":0},"end":{"line":2,"column":40}},"1":{"start":{"line":7,"column":2},"end":{"line":9,"column":5}},"2":{"start":{"line":13,"column":2},"end":{"line":17,"column":5}},"3":{"start":{"line":21,"column":2},"end":{"line":25,"column":5}},"4":{"start":{"line":29,"column":2},"end":{"line":29,"column":68}},"5":{"start":{"line":32,"column":23},"end":{"line":37,"column":2}},"6":{"start":{"line":39,"column":0},"end":{"line":39,"column":30}}},"fnMap":{"0":{"name":"insert","decl":{"start":{"line":6,"column":15},"end":{"line":6,"column":21}},"loc":{"start":{"line":6,"column":40},"end":{"line":10,"column":null}}},"1":{"name":"getById","decl":{"start":{"line":12,"column":15},"end":{"line":12,"column":22}},"loc":{"start":{"line":12,"column":33},"end":{"line":18,"column":null}}},"2":{"name":"getByEmail","decl":{"start":{"line":20,"column":15},"end":{"line":20,"column":25}},"loc":{"start":{"line":20,"column":39},"end":{"line":26,"column":null}}},"3":{"name":"truncate","decl":{"start":{"line":28,"column":15},"end":{"line":28,"column":23}},"loc":{"start":{"line":28,"column":23},"end":{"line":30,"column":null}}}},"branchMap":{},"s":{"0":6,"1":4,"2":2,"3":5,"4":5,"5":6,"6":6},"f":{"0":4,"1":2,"2":5,"3":5},"b":{}}
,"/home/ramon/Documents/Projetos-Driven/Projeto_20_todo/backend/src/routers/categoryRouter.ts": {"path":"/home/ramon/Documents/Projetos-Driven/Projeto_20_todo/backend/src/routers/categoryRouter.ts","statementMap":{"0":{"start":{"line":1,"column":0},"end":{"line":1,"column":33}},"1":{"start":{"line":2,"column":0},"end":{"line":2,"column":70}},"2":{"start":{"line":3,"column":0},"end":{"line":3,"column":96}},"3":{"start":{"line":4,"column":0},"end":{"line":4,"column":86}},"4":{"start":{"line":5,"column":0},"end":{"line":5,"column":58}},"5":{"start":{"line":7,"column":23},"end":{"line":7,"column":31}},"6":{"start":{"line":8,"column":0},"end":{"line":13,"column":2}},"7":{"start":{"line":15,"column":0},"end":{"line":19,"column":2}},"8":{"start":{"line":21,"column":0},"end":{"line":21,"column":30}}},"fnMap":{},"branchMap":{},"s":{"0":3,"1":3,"2":3,"3":3,"4":3,"5":3,"6":3,"7":3,"8":3},"f":{},"b":{}}
,"/home/ramon/Documents/Projetos-Driven/Projeto_20_todo/backend/src/routers/dayRouter.ts": {"path":"/home/ramon/Documents/Projetos-Driven/Projeto_20_todo/backend/src/routers/dayRouter.ts","statementMap":{"0":{"start":{"line":1,"column":0},"end":{"line":1,"column":33}},"1":{"start":{"line":2,"column":0},"end":{"line":2,"column":60}},"2":{"start":{"line":4,"column":19},"end":{"line":4,"column":27}},"3":{"start":{"line":5,"column":0},"end":{"line":5,"column":46}},"4":{"start":{"line":7,"column":0},"end":{"line":7,"column":26}}},"fnMap":{},"branchMap":{},"s":{"0":3,"1":3,"2":3,"3":3,"4":3},"f":{},"b":{}}
,"/home/ramon/Documents/Projetos-Driven/Projeto_20_todo/backend/src/routers/e2eRouter.ts": {"path":"/home/ramon/Documents/Projetos-Driven/Projeto_20_todo/backend/src/routers/e2eRouter.ts","statementMap":{"0":{"start":{"line":1,"column":0},"end":{"line":1,"column":33}},"1":{"start":{"line":2,"column":0},"end":{"line":2,"column":60}},"2":{"start":{"line":4,"column":18},"end":{"line":4,"column":26}},"3":{"start":{"line":5,"column":0},"end":{"line":5,"column":56}},"4":{"start":{"line":7,"column":0},"end":{"line":7,"column":25}}},"fnMap":{},"branchMap":{},"s":{"0":3,"1":3,"2":3,"3":3,"4":3},"f":{},"b":{}}
,"/home/ramon/Documents/Projetos-Driven/Projeto_20_todo/backend/src/routers/index.ts": {"path":"/home/ramon/Documents/Projetos-Driven/Projeto_20_todo/backend/src/routers/index.ts","statementMap":{"0":{"start":{"line":1,"column":0},"end":{"line":1,"column":33}},"1":{"start":{"line":2,"column":0},"end":{"line":2,"column":49}},"2":{"start":{"line":3,"column":0},"end":{"line":3,"column":39}},"3":{"start":{"line":4,"column":0},"end":{"line":4,"column":39}},"4":{"start":{"line":5,"column":0},"end":{"line":5,"column":41}},"5":{"start":{"line":6,"column":0},"end":{"line":6,"column":41}},"6":{"start":{"line":8,"column":15},"end":{"line":8,"column":23}},"7":{"start":{"line":9,"column":0},"end":{"line":9,"column":23}},"8":{"start":{"line":10,"column":0},"end":{"line":10,"column":27}},"9":{"start":{"line":11,"column":0},"end":{"line":11,"column":22}},"10":{"start":{"line":12,"column":0},"end":{"line":12,"column":23}},"11":{"start":{"line":14,"column":0},"end":{"line":16,"column":null}},"12":{"start":{"line":15,"column":2},"end":{"line":15,"column":24}},"13":{"start":{"line":18,"column":0},"end":{"line":18,"column":22}}},"fnMap":{},"branchMap":{"0":{"loc":{"start":{"line":14,"column":0},"end":{"line":16,"column":null}},"type":"if","locations":[{"start":{"line":14,"column":0},"end":{"line":16,"column":null}}]}},"s":{"0":3,"1":3,"2":3,"3":3,"4":3,"5":3,"6":3,"7":3,"8":3,"9":3,"10":3,"11":3,"12":3,"13":3},"f":{},"b":{"0":[3]}}
,"/home/ramon/Documents/Projetos-Driven/Projeto_20_todo/backend/src/routers/taskRouter.ts": {"path":"/home/ramon/Documents/Projetos-Driven/Projeto_20_todo/backend/src/routers/taskRouter.ts","statementMap":{"0":{"start":{"line":1,"column":0},"end":{"line":1,"column":33}},"1":{"start":{"line":2,"column":0},"end":{"line":2,"column":62}},"2":{"start":{"line":3,"column":0},"end":{"line":3,"column":96}},"3":{"start":{"line":4,"column":0},"end":{"line":4,"column":86}},"4":{"start":{"line":5,"column":0},"end":{"line":5,"column":62}},"5":{"start":{"line":7,"column":19},"end":{"line":7,"column":27}},"6":{"start":{"line":8,"column":0},"end":{"line":13,"column":2}},"7":{"start":{"line":21,"column":0},"end":{"line":21,"column":26}}},"fnMap":{},"branchMap":{},"s":{"0":3,"1":3,"2":3,"3":3,"4":3,"5":3,"6":3,"7":3},"f":{},"b":{}}
,"/home/ramon/Documents/Projetos-Driven/Projeto_20_todo/backend/src/routers/userRouter.ts": {"path":"/home/ramon/Documents/Projetos-Driven/Projeto_20_todo/backend/src/routers/userRouter.ts","statementMap":{"0":{"start":{"line":1,"column":0},"end":{"line":1,"column":33}},"1":{"start":{"line":2,"column":0},"end":{"line":2,"column":62}},"2":{"start":{"line":3,"column":0},"end":{"line":3,"column":86}},"3":{"start":{"line":4,"column":0},"end":{"line":4,"column":52}},"4":{"start":{"line":5,"column":0},"end":{"line":5,"column":54}},"5":{"start":{"line":7,"column":19},"end":{"line":7,"column":27}},"6":{"start":{"line":8,"column":0},"end":{"line":12,"column":2}},"7":{"start":{"line":14,"column":0},"end":{"line":18,"column":2}},"8":{"start":{"line":20,"column":0},"end":{"line":20,"column":26}}},"fnMap":{},"branchMap":{},"s":{"0":3,"1":3,"2":3,"3":3,"4":3,"5":3,"6":3,"7":3,"8":3},"f":{},"b":{}}
,"/home/ramon/Documents/Projetos-Driven/Projeto_20_todo/backend/src/schemas/categorySchema.ts": {"path":"/home/ramon/Documents/Projetos-Driven/Projeto_20_todo/backend/src/schemas/categorySchema.ts","statementMap":{"0":{"start":{"line":1,"column":0},"end":{"line":1,"column":22}},"1":{"start":{"line":4,"column":23},"end":{"line":8,"column":2}},"2":{"start":{"line":10,"column":0},"end":{"line":10,"column":30}}},"fnMap":{},"branchMap":{},"s":{"0":3,"1":3,"2":3},"f":{},"b":{}}
,"/home/ramon/Documents/Projetos-Driven/Projeto_20_todo/backend/src/schemas/createTaskSchema.ts": {"path":"/home/ramon/Documents/Projetos-Driven/Projeto_20_todo/backend/src/schemas/createTaskSchema.ts","statementMap":{"0":{"start":{"line":1,"column":0},"end":{"line":1,"column":22}},"1":{"start":{"line":4,"column":25},"end":{"line":8,"column":2}},"2":{"start":{"line":10,"column":0},"end":{"line":10,"column":32}}},"fnMap":{},"branchMap":{},"s":{"0":3,"1":3,"2":3},"f":{},"b":{}}
,"/home/ramon/Documents/Projetos-Driven/Projeto_20_todo/backend/src/schemas/loginSchema.ts": {"path":"/home/ramon/Documents/Projetos-Driven/Projeto_20_todo/backend/src/schemas/loginSchema.ts","statementMap":{"0":{"start":{"line":1,"column":0},"end":{"line":1,"column":22}},"1":{"start":{"line":4,"column":20},"end":{"line":7,"column":2}},"2":{"start":{"line":9,"column":0},"end":{"line":9,"column":27}}},"fnMap":{},"branchMap":{},"s":{"0":3,"1":3,"2":3},"f":{},"b":{}}
,"/home/ramon/Documents/Projetos-Driven/Projeto_20_todo/backend/src/schemas/signUpSchema.ts": {"path":"/home/ramon/Documents/Projetos-Driven/Projeto_20_todo/backend/src/schemas/signUpSchema.ts","statementMap":{"0":{"start":{"line":1,"column":0},"end":{"line":1,"column":22}},"1":{"start":{"line":4,"column":21},"end":{"line":8,"column":2}},"2":{"start":{"line":10,"column":0},"end":{"line":10,"column":28}}},"fnMap":{},"branchMap":{},"s":{"0":3,"1":3,"2":3},"f":{},"b":{}}
,"/home/ramon/Documents/Projetos-Driven/Projeto_20_todo/backend/src/services/categoryService.ts": {"path":"/home/ramon/Documents/Projetos-Driven/Projeto_20_todo/backend/src/services/categoryService.ts","statementMap":{"0":{"start":{"line":2,"column":0},"end":{"line":2,"column":70}},"1":{"start":{"line":3,"column":0},"end":{"line":3,"column":null}},"2":{"start":{"line":6,"column":0},"end":{"line":6,"column":43}},"3":{"start":{"line":11,"column":2},"end":{"line":11,"column":50}},"4":{"start":{"line":12,"column":2},"end":{"line":12,"column":53}},"5":{"start":{"line":14,"column":2},"end":{"line":17,"column":5}},"6":{"start":{"line":21,"column":2},"end":{"line":21,"column":50}},"7":{"start":{"line":23,"column":2},"end":{"line":23,"column":48}},"8":{"start":{"line":27,"column":27},"end":{"line":29,"column":null}},"9":{"start":{"line":32,"column":2},"end":{"line":34,"column":null}},"10":{"start":{"line":33,"column":4},"end":{"line":33,"column":55}},"11":{"start":{"line":38,"column":27},"end":{"line":38,"column":71}},"12":{"start":{"line":40,"column":2},"end":{"line":42,"column":null}},"13":{"start":{"line":41,"column":4},"end":{"line":41,"column":46}},"14":{"start":{"line":45,"column":24},"end":{"line":49,"column":2}},"15":{"start":{"line":51,"column":0},"end":{"line":51,"column":31}}},"fnMap":{"0":{"name":"create","decl":{"start":{"line":10,"column":15},"end":{"line":10,"column":21}},"loc":{"start":{"line":10,"column":70},"end":{"line":18,"column":null}}},"1":{"name":"getAll","decl":{"start":{"line":20,"column":15},"end":{"line":20,"column":21}},"loc":{"start":{"line":20,"column":36},"end":{"line":24,"column":null}}},"2":{"name":"validateDuplicate","decl":{"start":{"line":26,"column":15},"end":{"line":26,"column":32}},"loc":{"start":{"line":26,"column":61},"end":{"line":35,"column":null}}},"3":{"name":"validateExistence","decl":{"start":{"line":37,"column":15},"end":{"line":37,"column":32}},"loc":{"start":{"line":37,"column":51},"end":{"line":43,"column":null}}}},"branchMap":{"0":{"loc":{"start":{"line":32,"column":2},"end":{"line":34,"column":null}},"type":"if","locations":[{"start":{"line":32,"column":2},"end":{"line":34,"column":null}}]},"1":{"loc":{"start":{"line":40,"column":2},"end":{"line":42,"column":null}},"type":"if","locations":[{"start":{"line":40,"column":2},"end":{"line":42,"column":null}}]}},"s":{"0":5,"1":5,"2":5,"3":5,"4":4,"5":3,"6":0,"7":0,"8":4,"9":4,"10":1,"11":4,"12":4,"13":1,"14":5,"15":5},"f":{"0":5,"1":0,"2":4,"3":4},"b":{"0":[1],"1":[1]}}
,"/home/ramon/Documents/Projetos-Driven/Projeto_20_todo/backend/src/services/dayService.ts": {"path":"/home/ramon/Documents/Projetos-Driven/Projeto_20_todo/backend/src/services/dayService.ts","statementMap":{"0":{"start":{"line":2,"column":0},"end":{"line":2,"column":61}},"1":{"start":{"line":3,"column":0},"end":{"line":3,"column":57}},"2":{"start":{"line":6,"column":2},"end":{"line":6,"column":33}},"3":{"start":{"line":10,"column":21},"end":{"line":10,"column":35}},"4":{"start":{"line":12,"column":2},"end":{"line":18,"column":5}},"5":{"start":{"line":13,"column":23},"end":{"line":13,"column":78}},"6":{"start":{"line":13,"column":54},"end":{"line":13,"column":77}},"7":{"start":{"line":15,"column":4},"end":{"line":17,"column":null}},"8":{"start":{"line":16,"column":6},"end":{"line":16,"column":72}},"9":{"start":{"line":21,"column":19},"end":{"line":24,"column":2}},"10":{"start":{"line":26,"column":0},"end":{"line":26,"column":26}}},"fnMap":{"0":{"name":"getAll","decl":{"start":{"line":5,"column":15},"end":{"line":5,"column":21}},"loc":{"start":{"line":5,"column":21},"end":{"line":7,"column":null}}},"1":{"name":"validateDaysExistence","decl":{"start":{"line":9,"column":15},"end":{"line":9,"column":36}},"loc":{"start":{"line":9,"column":48},"end":{"line":19,"column":null}}},"2":{"name":"(anonymous_12)","decl":{"start":{"line":12,"column":15},"end":{"line":12,"column":16}},"loc":{"start":{"line":12,"column":23},"end":{"line":18,"column":3}}},"3":{"name":"(anonymous_13)","decl":{"start":{"line":13,"column":39},"end":{"line":13,"column":40}},"loc":{"start":{"line":13,"column":54},"end":{"line":13,"column":77}}}},"branchMap":{"0":{"loc":{"start":{"line":15,"column":4},"end":{"line":17,"column":null}},"type":"if","locations":[{"start":{"line":15,"column":4},"end":{"line":17,"column":null}}]}},"s":{"0":4,"1":4,"2":5,"3":5,"4":5,"5":11,"6":38,"7":11,"8":1,"9":4,"10":4},"f":{"0":5,"1":5,"2":11,"3":38},"b":{"0":[1]}}
,"/home/ramon/Documents/Projetos-Driven/Projeto_20_todo/backend/src/services/e2eService.ts": {"path":"/home/ramon/Documents/Projetos-Driven/Projeto_20_todo/backend/src/services/e2eService.ts","statementMap":{"0":{"start":{"line":1,"column":0},"end":{"line":1,"column":71}},"1":{"start":{"line":2,"column":0},"end":{"line":2,"column":63}},"2":{"start":{"line":5,"column":2},"end":{"line":5,"column":38}},"3":{"start":{"line":6,"column":2},"end":{"line":6,"column":34}},"4":{"start":{"line":9,"column":19},"end":{"line":11,"column":2}},"5":{"start":{"line":13,"column":0},"end":{"line":13,"column":26}}},"fnMap":{"0":{"name":"truncate","decl":{"start":{"line":4,"column":15},"end":{"line":4,"column":23}},"loc":{"start":{"line":4,"column":23},"end":{"line":7,"column":null}}}},"branchMap":{},"s":{"0":3,"1":3,"2":0,"3":0,"4":3,"5":3},"f":{"0":0},"b":{}}
,"/home/ramon/Documents/Projetos-Driven/Projeto_20_todo/backend/src/services/taskService.ts": {"path":"/home/ramon/Documents/Projetos-Driven/Projeto_20_todo/backend/src/services/taskService.ts","statementMap":{"0":{"start":{"line":1,"column":0},"end":{"line":1,"column":null}},"1":{"start":{"line":4,"column":0},"end":{"line":4,"column":55}},"2":{"start":{"line":5,"column":0},"end":{"line":5,"column":51}},"3":{"start":{"line":6,"column":0},"end":{"line":6,"column":41}},"4":{"start":{"line":9,"column":2},"end":{"line":9,"column":62}},"5":{"start":{"line":10,"column":2},"end":{"line":10,"column":69}},"6":{"start":{"line":11,"column":2},"end":{"line":11,"column":55}},"7":{"start":{"line":13,"column":2},"end":{"line":13,"column":47}},"8":{"start":{"line":17,"column":23},"end":{"line":17,"column":76}},"9":{"start":{"line":19,"column":2},"end":{"line":21,"column":null}},"10":{"start":{"line":20,"column":4},"end":{"line":20,"column":51}},"11":{"start":{"line":24,"column":20},"end":{"line":26,"column":2}},"12":{"start":{"line":28,"column":0},"end":{"line":28,"column":27}}},"fnMap":{"0":{"name":"create","decl":{"start":{"line":8,"column":15},"end":{"line":8,"column":21}},"loc":{"start":{"line":8,"column":68},"end":{"line":14,"column":null}}},"1":{"name":"validateDuplicate","decl":{"start":{"line":16,"column":15},"end":{"line":16,"column":32}},"loc":{"start":{"line":16,"column":61},"end":{"line":22,"column":null}}}},"branchMap":{"0":{"loc":{"start":{"line":19,"column":2},"end":{"line":21,"column":null}},"type":"if","locations":[{"start":{"line":19,"column":2},"end":{"line":21,"column":null}}]}},"s":{"0":4,"1":4,"2":4,"3":4,"4":5,"5":4,"6":3,"7":2,"8":3,"9":3,"10":1,"11":4,"12":4},"f":{"0":5,"1":3},"b":{"0":[1]}}
,"/home/ramon/Documents/Projetos-Driven/Projeto_20_todo/backend/src/services/userService.ts": {"path":"/home/ramon/Documents/Projetos-Driven/Projeto_20_todo/backend/src/services/userService.ts","statementMap":{"0":{"start":{"line":1,"column":0},"end":{"line":1,"column":77}},"1":{"start":{"line":2,"column":0},"end":{"line":2,"column":null}},"2":{"start":{"line":7,"column":0},"end":{"line":7,"column":31}},"3":{"start":{"line":8,"column":0},"end":{"line":8,"column":28}},"4":{"start":{"line":11,"column":2},"end":{"line":11,"column":46}},"5":{"start":{"line":13,"column":2},"end":{"line":16,"column":5}},"6":{"start":{"line":26,"column":6},"end":{"line":26,"column":42}},"7":{"start":{"line":28,"column":2},"end":{"line":28,"column":49}},"8":{"start":{"line":30,"column":30},"end":{"line":30,"column":48}},"9":{"start":{"line":31,"column":16},"end":{"line":33,"column":4}},"10":{"start":{"line":35,"column":15},"end":{"line":39,"column":4}},"11":{"start":{"line":41,"column":2},"end":{"line":41,"column":14}},"12":{"start":{"line":45,"column":23},"end":{"line":45,"column":61}},"13":{"start":{"line":47,"column":2},"end":{"line":49,"column":null}},"14":{"start":{"line":48,"column":4},"end":{"line":48,"column":61}},"15":{"start":{"line":53,"column":23},"end":{"line":53,"column":61}},"16":{"start":{"line":55,"column":2},"end":{"line":57,"column":null}},"17":{"start":{"line":56,"column":4},"end":{"line":56,"column":51}},"18":{"start":{"line":59,"column":2},"end":{"line":59,"column":22}},"19":{"start":{"line":63,"column":26},"end":{"line":63,"column":73}},"20":{"start":{"line":65,"column":2},"end":{"line":67,"column":null}},"21":{"start":{"line":66,"column":4},"end":{"line":66,"column":51}},"22":{"start":{"line":71,"column":15},"end":{"line":71,"column":51}},"23":{"start":{"line":73,"column":2},"end":{"line":75,"column":null}},"24":{"start":{"line":74,"column":4},"end":{"line":74,"column":42}},"25":{"start":{"line":78,"column":20},"end":{"line":82,"column":2}},"26":{"start":{"line":84,"column":0},"end":{"line":84,"column":27}}},"fnMap":{"0":{"name":"signUp","decl":{"start":{"line":10,"column":15},"end":{"line":10,"column":21}},"loc":{"start":{"line":10,"column":40},"end":{"line":17,"column":null}}},"1":{"name":"login","decl":{"start":{"line":21,"column":15},"end":{"line":21,"column":20}},"loc":{"start":{"line":21,"column":41},"end":{"line":42,"column":null}}},"2":{"name":"validateDuplicateUser","decl":{"start":{"line":44,"column":15},"end":{"line":44,"column":36}},"loc":{"start":{"line":44,"column":50},"end":{"line":50,"column":null}}},"3":{"name":"getUserOrfail","decl":{"start":{"line":52,"column":15},"end":{"line":52,"column":28}},"loc":{"start":{"line":52,"column":42},"end":{"line":60,"column":null}}},"4":{"name":"validatePassword","decl":{"start":{"line":62,"column":9},"end":{"line":62,"column":25}},"loc":{"start":{"line":62,"column":69},"end":{"line":68,"column":1}}},"5":{"name":"validateUserExistence","decl":{"start":{"line":70,"column":15},"end":{"line":70,"column":36}},"loc":{"start":{"line":70,"column":51},"end":{"line":76,"column":null}}}},"branchMap":{"0":{"loc":{"start":{"line":47,"column":2},"end":{"line":49,"column":null}},"type":"if","locations":[{"start":{"line":47,"column":2},"end":{"line":49,"column":null}}]},"1":{"loc":{"start":{"line":55,"column":2},"end":{"line":57,"column":null}},"type":"if","locations":[{"start":{"line":55,"column":2},"end":{"line":57,"column":null}}]},"2":{"loc":{"start":{"line":65,"column":2},"end":{"line":67,"column":null}},"type":"if","locations":[{"start":{"line":65,"column":2},"end":{"line":67,"column":null}}]},"3":{"loc":{"start":{"line":73,"column":2},"end":{"line":75,"column":null}},"type":"if","locations":[{"start":{"line":73,"column":2},"end":{"line":75,"column":null}}]}},"s":{"0":6,"1":6,"2":6,"3":6,"4":2,"5":1,"6":5,"7":4,"8":3,"9":3,"10":3,"11":3,"12":2,"13":2,"14":1,"15":5,"16":5,"17":1,"18":4,"19":4,"20":4,"21":1,"22":5,"23":5,"24":1,"25":6,"26":6},"f":{"0":2,"1":5,"2":2,"3":5,"4":4,"5":5},"b":{"0":[1],"1":[1],"2":[1],"3":[1]}}
,"/home/ramon/Documents/Projetos-Driven/Projeto_20_todo/backend/src/utils/errorUtils.ts": {"path":"/home/ramon/Documents/Projetos-Driven/Projeto_20_todo/backend/src/utils/errorUtils.ts","statementMap":{"0":{"start":{"line":13,"column":2},"end":{"line":13,"column":48}},"1":{"start":{"line":12,"column":0},"end":{"line":12,"column":16}},"2":{"start":{"line":17,"column":2},"end":{"line":17,"column":38}},"3":{"start":{"line":17,"column":27},"end":{"line":17,"column":38}},"4":{"start":{"line":18,"column":2},"end":{"line":18,"column":39}},"5":{"start":{"line":18,"column":28},"end":{"line":18,"column":39}},"6":{"start":{"line":19,"column":2},"end":{"line":19,"column":42}},"7":{"start":{"line":19,"column":31},"end":{"line":19,"column":42}},"8":{"start":{"line":20,"column":2},"end":{"line":20,"column":42}},"9":{"start":{"line":20,"column":31},"end":{"line":20,"column":42}},"10":{"start":{"line":21,"column":2},"end":{"line":21,"column":13}},"11":{"start":{"line":16,"column":0},"end":{"line":16,"column":16}},"12":{"start":{"line":25,"column":2},"end":{"line":25,"column":42}},"13":{"start":{"line":24,"column":0},"end":{"line":24,"column":16}},"14":{"start":{"line":29,"column":2},"end":{"line":29,"column":39}},"15":{"start":{"line":28,"column":0},"end":{"line":28,"column":16}},"16":{"start":{"line":33,"column":2},"end":{"line":33,"column":40}},"17":{"start":{"line":32,"column":0},"end":{"line":32,"column":16}},"18":{"start":{"line":37,"column":2},"end":{"line":37,"column":43}},"19":{"start":{"line":36,"column":0},"end":{"line":36,"column":16}},"20":{"start":{"line":41,"column":2},"end":{"line":41,"column":43}},"21":{"start":{"line":40,"column":0},"end":{"line":40,"column":16}}},"fnMap":{"0":{"name":"isAppError","decl":{"start":{"line":12,"column":16},"end":{"line":12,"column":26}},"loc":{"start":{"line":12,"column":40},"end":{"line":14,"column":1}}},"1":{"name":"errorTypeToStatusCode","decl":{"start":{"line":16,"column":16},"end":{"line":16,"column":37}},"loc":{"start":{"line":16,"column":57},"end":{"line":22,"column":1}}},"2":{"name":"badRequestError","decl":{"start":{"line":24,"column":16},"end":{"line":24,"column":31}},"loc":{"start":{"line":24,"column":48},"end":{"line":26,"column":1}}},"3":{"name":"conflictError","decl":{"start":{"line":28,"column":16},"end":{"line":28,"column":29}},"loc":{"start":{"line":28,"column":46},"end":{"line":30,"column":1}}},"4":{"name":"notFoundError","decl":{"start":{"line":32,"column":16},"end":{"line":32,"column":29}},"loc":{"start":{"line":32,"column":46},"end":{"line":34,"column":1}}},"5":{"name":"unauthorizedError","decl":{"start":{"line":36,"column":16},"end":{"line":36,"column":33}},"loc":{"start":{"line":36,"column":50},"end":{"line":38,"column":1}}},"6":{"name":"wrongSchemaError","decl":{"start":{"line":40,"column":16},"end":{"line":40,"column":32}},"loc":{"start":{"line":40,"column":49},"end":{"line":42,"column":1}}}},"branchMap":{"0":{"loc":{"start":{"line":17,"column":2},"end":{"line":17,"column":38}},"type":"if","locations":[{"start":{"line":17,"column":2},"end":{"line":17,"column":38}}]},"1":{"loc":{"start":{"line":18,"column":2},"end":{"line":18,"column":39}},"type":"if","locations":[{"start":{"line":18,"column":2},"end":{"line":18,"column":39}}]},"2":{"loc":{"start":{"line":19,"column":2},"end":{"line":19,"column":42}},"type":"if","locations":[{"start":{"line":19,"column":2},"end":{"line":19,"column":42}}]},"3":{"loc":{"start":{"line":20,"column":2},"end":{"line":20,"column":42}},"type":"if","locations":[{"start":{"line":20,"column":2},"end":{"line":20,"column":42}}]}},"s":{"0":0,"1":6,"2":0,"3":0,"4":0,"5":0,"6":0,"7":0,"8":0,"9":0,"10":0,"11":6,"12":2,"13":6,"14":6,"15":6,"16":4,"17":6,"18":4,"19":6,"20":0,"21":6},"f":{"0":0,"1":0,"2":2,"3":6,"4":4,"5":4,"6":0},"b":{"0":[0],"1":[0],"2":[0],"3":[0]}}
,"/home/ramon/Documents/Projetos-Driven/Projeto_20_todo/backend/tests/helpers.ts": {"path":"/home/ramon/Documents/Projetos-Driven/Projeto_20_todo/backend/tests/helpers.ts","statementMap":{"0":{"start":{"line":1,"column":0},"end":{"line":1,"column":72}},"1":{"start":{"line":2,"column":0},"end":{"line":2,"column":64}},"2":{"start":{"line":3,"column":0},"end":{"line":3,"column":64}},"3":{"start":{"line":6,"column":2},"end":{"line":6,"column":34}},"4":{"start":{"line":7,"column":2},"end":{"line":7,"column":38}},"5":{"start":{"line":8,"column":2},"end":{"line":8,"column":34}},"6":{"start":{"line":5,"column":0},"end":{"line":5,"column":22}}},"fnMap":{"0":{"name":"cleanDb","decl":{"start":{"line":5,"column":22},"end":{"line":5,"column":29}},"loc":{"start":{"line":5,"column":29},"end":{"line":9,"column":null}}}},"branchMap":{},"s":{"0":3,"1":3,"2":3,"3":3,"4":3,"5":3,"6":3},"f":{"0":3},"b":{}}
,"/home/ramon/Documents/Projetos-Driven/Projeto_20_todo/backend/tests/factories/authFactory.ts": {"path":"/home/ramon/Documents/Projetos-Driven/Projeto_20_todo/backend/tests/factories/authFactory.ts","statementMap":{"0":{"start":{"line":1,"column":0},"end":{"line":1,"column":57}},"1":{"start":{"line":2,"column":0},"end":{"line":2,"column":52}},"2":{"start":{"line":3,"column":0},"end":{"line":3,"column":40}},"3":{"start":{"line":6,"column":15},"end":{"line":6,"column":28}},"4":{"start":{"line":7,"column":2},"end":{"line":7,"column":32}},"5":{"start":{"line":8,"column":2},"end":{"line":8,"column":19}},"6":{"start":{"line":10,"column":2},"end":{"line":10,"column":33}},"7":{"start":{"line":5,"column":0},"end":{"line":5,"column":30}}},"fnMap":{"0":{"name":"authFactory","decl":{"start":{"line":5,"column":30},"end":{"line":5,"column":41}},"loc":{"start":{"line":5,"column":41},"end":{"line":11,"column":null}}}},"branchMap":{},"s":{"0":2,"1":2,"2":2,"3":2,"4":2,"5":2,"6":2,"7":2},"f":{"0":2},"b":{}}
,"/home/ramon/Documents/Projetos-Driven/Projeto_20_todo/backend/tests/factories/categoryFactory.ts": {"path":"/home/ramon/Documents/Projetos-Driven/Projeto_20_todo/backend/tests/factories/categoryFactory.ts","statementMap":{"0":{"start":{"line":1,"column":0},"end":{"line":1,"column":40}},"1":{"start":{"line":7,"column":2},"end":{"line":12,"column":16}},"2":{"start":{"line":6,"column":0},"end":{"line":6,"column":24}}},"fnMap":{"0":{"name":"categoryFactory","decl":{"start":{"line":6,"column":24},"end":{"line":6,"column":39}},"loc":{"start":{"line":6,"column":55},"end":{"line":13,"column":1}}}},"branchMap":{},"s":{"0":4,"1":7,"2":4},"f":{"0":7},"b":{}}
,"/home/ramon/Documents/Projetos-Driven/Projeto_20_todo/backend/tests/factories/createCategoryFactory.ts": {"path":"/home/ramon/Documents/Projetos-Driven/Projeto_20_todo/backend/tests/factories/createCategoryFactory.ts","statementMap":{"0":{"start":{"line":1,"column":0},"end":{"line":1,"column":65}},"1":{"start":{"line":2,"column":0},"end":{"line":2,"column":48}},"2":{"start":{"line":5,"column":19},"end":{"line":5,"column":53}},"3":{"start":{"line":6,"column":2},"end":{"line":6,"column":49}},"4":{"start":{"line":8,"column":2},"end":{"line":8,"column":18}},"5":{"start":{"line":4,"column":0},"end":{"line":4,"column":30}}},"fnMap":{"0":{"name":"createCategoryFactory","decl":{"start":{"line":4,"column":30},"end":{"line":4,"column":51}},"loc":{"start":{"line":4,"column":66},"end":{"line":9,"column":null}}}},"branchMap":{},"s":{"0":1,"1":1,"2":1,"3":1,"4":1,"5":1},"f":{"0":1},"b":{}}
,"/home/ramon/Documents/Projetos-Driven/Projeto_20_todo/backend/tests/factories/createUserFactory.ts": {"path":"/home/ramon/Documents/Projetos-Driven/Projeto_20_todo/backend/tests/factories/createUserFactory.ts","statementMap":{"0":{"start":{"line":1,"column":0},"end":{"line":1,"column":28}},"1":{"start":{"line":2,"column":0},"end":{"line":2,"column":null}},"2":{"start":{"line":7,"column":2},"end":{"line":10,"column":5}},"3":{"start":{"line":6,"column":0},"end":{"line":6,"column":30}}},"fnMap":{"0":{"name":"createUserFactory","decl":{"start":{"line":6,"column":30},"end":{"line":6,"column":47}},"loc":{"start":{"line":6,"column":66},"end":{"line":11,"column":null}}}},"branchMap":{},"s":{"0":2,"1":2,"2":2,"3":2},"f":{"0":2},"b":{}}
,"/home/ramon/Documents/Projetos-Driven/Projeto_20_todo/backend/tests/factories/daysFactory.ts": {"path":"/home/ramon/Documents/Projetos-Driven/Projeto_20_todo/backend/tests/factories/daysFactory.ts","statementMap":{"0":{"start":{"line":2,"column":2},"end":{"line":10,"column":4}},"1":{"start":{"line":1,"column":0},"end":{"line":1,"column":24}}},"fnMap":{"0":{"name":"daysFactory","decl":{"start":{"line":1,"column":24},"end":{"line":1,"column":35}},"loc":{"start":{"line":1,"column":35},"end":{"line":11,"column":1}}}},"branchMap":{},"s":{"0":1,"1":1},"f":{"0":1},"b":{}}
,"/home/ramon/Documents/Projetos-Driven/Projeto_20_todo/backend/tests/factories/taskFactory.ts": {"path":"/home/ramon/Documents/Projetos-Driven/Projeto_20_todo/backend/tests/factories/taskFactory.ts","statementMap":{"0":{"start":{"line":1,"column":0},"end":{"line":1,"column":40}},"1":{"start":{"line":8,"column":22},"end":{"line":8,"column":49}},"2":{"start":{"line":10,"column":2},"end":{"line":15,"column":29}},"3":{"start":{"line":7,"column":0},"end":{"line":7,"column":24}}},"fnMap":{"0":{"name":"taskFactory","decl":{"start":{"line":7,"column":24},"end":{"line":7,"column":35}},"loc":{"start":{"line":7,"column":50},"end":{"line":16,"column":1}}}},"branchMap":{},"s":{"0":2,"1":5,"2":5,"3":2},"f":{"0":5},"b":{}}
,"/home/ramon/Documents/Projetos-Driven/Projeto_20_todo/backend/tests/factories/userFactory.ts": {"path":"/home/ramon/Documents/Projetos-Driven/Projeto_20_todo/backend/tests/factories/userFactory.ts","statementMap":{"0":{"start":{"line":1,"column":0},"end":{"line":1,"column":40}},"1":{"start":{"line":9,"column":2},"end":{"line":14,"column":12}},"2":{"start":{"line":8,"column":0},"end":{"line":8,"column":24}}},"fnMap":{"0":{"name":"userFactory","decl":{"start":{"line":8,"column":24},"end":{"line":8,"column":35}},"loc":{"start":{"line":8,"column":51},"end":{"line":15,"column":1}}}},"branchMap":{},"s":{"0":5,"1":9,"2":5},"f":{"0":9},"b":{}}
}
