{"/home/ramon/Documents/Projetos-Driven/Projeto_20_todo/backend/src/app.ts": {"path":"/home/ramon/Documents/Projetos-Driven/Projeto_20_todo/backend/src/app.ts","statementMap":{"0":{"start":{"line":1,"column":0},"end":{"line":1,"column":20}},"1":{"start":{"line":2,"column":0},"end":{"line":2,"column":24}},"2":{"start":{"line":3,"column":0},"end":{"line":3,"column":40}},"3":{"start":{"line":4,"column":0},"end":{"line":4,"column":30}},"4":{"start":{"line":5,"column":0},"end":{"line":5,"column":81}},"5":{"start":{"line":6,"column":0},"end":{"line":6,"column":40}},"6":{"start":{"line":8,"column":12},"end":{"line":8,"column":21}},"7":{"start":{"line":9,"column":0},"end":{"line":9,"column":16}},"8":{"start":{"line":10,"column":0},"end":{"line":10,"column":16}},"9":{"start":{"line":11,"column":0},"end":{"line":11,"column":16}},"10":{"start":{"line":12,"column":0},"end":{"line":12,"column":32}},"11":{"start":{"line":14,"column":0},"end":{"line":14,"column":19}}},"fnMap":{},"branchMap":{},"s":{"0":3,"1":3,"2":3,"3":3,"4":3,"5":3,"6":3,"7":3,"8":3,"9":3,"10":3,"11":3},"f":{},"b":{}}
,"/home/ramon/Documents/Projetos-Driven/Projeto_20_todo/backend/src/database.ts": {"path":"/home/ramon/Documents/Projetos-Driven/Projeto_20_todo/backend/src/database.ts","statementMap":{"0":{"start":{"line":1,"column":0},"end":{"line":1,"column":33}},"1":{"start":{"line":3,"column":25},"end":{"line":3,"column":28}},"2":{"start":{"line":4,"column":13},"end":{"line":4,"column":41}}},"fnMap":{},"branchMap":{},"s":{"0":6,"1":6,"2":6},"f":{},"b":{}}
,"/home/ramon/Documents/Projetos-Driven/Projeto_20_todo/backend/src/setup.ts": {"path":"/home/ramon/Documents/Projetos-Driven/Projeto_20_todo/backend/src/setup.ts","statementMap":{"0":{"start":{"line":1,"column":0},"end":{"line":1,"column":28}},"1":{"start":{"line":2,"column":0},"end":{"line":2,"column":16}}},"fnMap":{},"branchMap":{},"s":{"0":3,"1":3},"f":{},"b":{}}
,"/home/ramon/Documents/Projetos-Driven/Projeto_20_todo/backend/src/controllers/categoryController.ts": {"path":"/home/ramon/Documents/Projetos-Driven/Projeto_20_todo/backend/src/controllers/categoryController.ts","statementMap":{"0":{"start":{"line":3,"column":0},"end":{"line":3,"column":61}},"1":{"start":{"line":6,"column":43},"end":{"line":6,"column":51}},"2":{"start":{"line":7,"column":21},"end":{"line":7,"column":31}},"3":{"start":{"line":9,"column":2},"end":{"line":9,"column":53}},"4":{"start":{"line":11,"column":2},"end":{"line":11,"column":22}},"5":{"start":{"line":15,"column":21},"end":{"line":15,"column":31}},"6":{"start":{"line":17,"column":21},"end":{"line":17,"column":57}},"7":{"start":{"line":19,"column":2},"end":{"line":19,"column":35}},"8":{"start":{"line":23,"column":21},"end":{"line":23,"column":31}},"9":{"start":{"line":25,"column":21},"end":{"line":25,"column":60}},"10":{"start":{"line":27,"column":2},"end":{"line":27,"column":35}},"11":{"start":{"line":30,"column":27},"end":{"line":34,"column":2}},"12":{"start":{"line":36,"column":0},"end":{"line":36,"column":34}}},"fnMap":{"0":{"name":"create","decl":{"start":{"line":5,"column":15},"end":{"line":5,"column":21}},"loc":{"start":{"line":5,"column":49},"end":{"line":12,"column":null}}},"1":{"name":"getAll","decl":{"start":{"line":14,"column":15},"end":{"line":14,"column":21}},"loc":{"start":{"line":14,"column":50},"end":{"line":20,"column":null}}},"2":{"name":"getTodays","decl":{"start":{"line":22,"column":15},"end":{"line":22,"column":24}},"loc":{"start":{"line":22,"column":53},"end":{"line":28,"column":null}}}},"branchMap":{},"s":{"0":3,"1":1,"2":1,"3":1,"4":1,"5":1,"6":1,"7":1,"8":1,"9":1,"10":1,"11":3,"12":3},"f":{"0":1,"1":1,"2":1},"b":{}}
,"/home/ramon/Documents/Projetos-Driven/Projeto_20_todo/backend/src/controllers/e2eController.ts": {"path":"/home/ramon/Documents/Projetos-Driven/Projeto_20_todo/backend/src/controllers/e2eController.ts","statementMap":{"0":{"start":{"line":2,"column":0},"end":{"line":2,"column":51}},"1":{"start":{"line":5,"column":2},"end":{"line":5,"column":30}},"2":{"start":{"line":7,"column":2},"end":{"line":7,"column":22}},"3":{"start":{"line":10,"column":22},"end":{"line":12,"column":2}},"4":{"start":{"line":14,"column":0},"end":{"line":14,"column":29}}},"fnMap":{"0":{"name":"truncate","decl":{"start":{"line":4,"column":15},"end":{"line":4,"column":23}},"loc":{"start":{"line":4,"column":52},"end":{"line":8,"column":null}}}},"branchMap":{},"s":{"0":3,"1":0,"2":0,"3":3,"4":3},"f":{"0":0},"b":{}}
,"/home/ramon/Documents/Projetos-Driven/Projeto_20_todo/backend/src/controllers/eventController.ts": {"path":"/home/ramon/Documents/Projetos-Driven/Projeto_20_todo/backend/src/controllers/eventController.ts","statementMap":{"0":{"start":{"line":2,"column":0},"end":{"line":2,"column":55}},"1":{"start":{"line":5,"column":22},"end":{"line":5,"column":32}},"2":{"start":{"line":7,"column":2},"end":{"line":7,"column":53}},"3":{"start":{"line":9,"column":2},"end":{"line":9,"column":22}},"4":{"start":{"line":12,"column":23},"end":{"line":14,"column":2}},"5":{"start":{"line":16,"column":0},"end":{"line":16,"column":30}}},"fnMap":{"0":{"name":"check","decl":{"start":{"line":4,"column":15},"end":{"line":4,"column":20}},"loc":{"start":{"line":4,"column":48},"end":{"line":10,"column":null}}}},"branchMap":{},"s":{"0":3,"1":0,"2":0,"3":0,"4":3,"5":3},"f":{"0":0},"b":{}}
,"/home/ramon/Documents/Projetos-Driven/Projeto_20_todo/backend/src/controllers/taskController.ts": {"path":"/home/ramon/Documents/Projetos-Driven/Projeto_20_todo/backend/src/controllers/taskController.ts","statementMap":{"0":{"start":{"line":3,"column":0},"end":{"line":3,"column":53}},"1":{"start":{"line":6,"column":35},"end":{"line":6,"column":43}},"2":{"start":{"line":7,"column":21},"end":{"line":7,"column":31}},"3":{"start":{"line":9,"column":2},"end":{"line":9,"column":55}},"4":{"start":{"line":11,"column":2},"end":{"line":11,"column":22}},"5":{"start":{"line":15,"column":21},"end":{"line":15,"column":31}},"6":{"start":{"line":17,"column":16},"end":{"line":17,"column":59}},"7":{"start":{"line":19,"column":2},"end":{"line":19,"column":30}},"8":{"start":{"line":23,"column":21},"end":{"line":23,"column":31}},"9":{"start":{"line":25,"column":2},"end":{"line":25,"column":53}},"10":{"start":{"line":27,"column":2},"end":{"line":27,"column":22}},"11":{"start":{"line":30,"column":23},"end":{"line":34,"column":2}},"12":{"start":{"line":36,"column":0},"end":{"line":36,"column":30}}},"fnMap":{"0":{"name":"create","decl":{"start":{"line":5,"column":15},"end":{"line":5,"column":21}},"loc":{"start":{"line":5,"column":49},"end":{"line":12,"column":null}}},"1":{"name":"getAll","decl":{"start":{"line":14,"column":15},"end":{"line":14,"column":21}},"loc":{"start":{"line":14,"column":49},"end":{"line":20,"column":null}}},"2":{"name":"update","decl":{"start":{"line":22,"column":15},"end":{"line":22,"column":21}},"loc":{"start":{"line":22,"column":49},"end":{"line":28,"column":null}}}},"branchMap":{},"s":{"0":3,"1":1,"2":1,"3":1,"4":1,"5":1,"6":1,"7":1,"8":1,"9":1,"10":1,"11":3,"12":3},"f":{"0":1,"1":1,"2":1},"b":{}}
,"/home/ramon/Documents/Projetos-Driven/Projeto_20_todo/backend/src/controllers/userController.ts": {"path":"/home/ramon/Documents/Projetos-Driven/Projeto_20_todo/backend/src/controllers/userController.ts","statementMap":{"0":{"start":{"line":3,"column":0},"end":{"line":3,"column":68}},"1":{"start":{"line":6,"column":29},"end":{"line":6,"column":37}},"2":{"start":{"line":8,"column":2},"end":{"line":8,"column":37}},"3":{"start":{"line":10,"column":2},"end":{"line":10,"column":22}},"4":{"start":{"line":14,"column":31},"end":{"line":14,"column":39}},"5":{"start":{"line":16,"column":15},"end":{"line":16,"column":49}},"6":{"start":{"line":18,"column":2},"end":{"line":18,"column":29}},"7":{"start":{"line":21,"column":23},"end":{"line":24,"column":2}},"8":{"start":{"line":26,"column":0},"end":{"line":26,"column":30}}},"fnMap":{"0":{"name":"signUp","decl":{"start":{"line":5,"column":15},"end":{"line":5,"column":21}},"loc":{"start":{"line":5,"column":49},"end":{"line":11,"column":null}}},"1":{"name":"login","decl":{"start":{"line":13,"column":15},"end":{"line":13,"column":20}},"loc":{"start":{"line":13,"column":48},"end":{"line":19,"column":null}}}},"branchMap":{},"s":{"0":3,"1":1,"2":1,"3":1,"4":1,"5":1,"6":1,"7":3,"8":3},"f":{"0":1,"1":1},"b":{}}
,"/home/ramon/Documents/Projetos-Driven/Projeto_20_todo/backend/src/controllers/weekDayController.ts": {"path":"/home/ramon/Documents/Projetos-Driven/Projeto_20_todo/backend/src/controllers/weekDayController.ts","statementMap":{"0":{"start":{"line":2,"column":0},"end":{"line":2,"column":59}},"1":{"start":{"line":5,"column":15},"end":{"line":5,"column":44}},"2":{"start":{"line":7,"column":2},"end":{"line":7,"column":29}},"3":{"start":{"line":10,"column":26},"end":{"line":12,"column":2}},"4":{"start":{"line":14,"column":0},"end":{"line":14,"column":33}}},"fnMap":{"0":{"name":"getAll","decl":{"start":{"line":4,"column":15},"end":{"line":4,"column":21}},"loc":{"start":{"line":4,"column":50},"end":{"line":8,"column":null}}}},"branchMap":{},"s":{"0":3,"1":0,"2":0,"3":3,"4":3},"f":{"0":0},"b":{}}
,"/home/ramon/Documents/Projetos-Driven/Projeto_20_todo/backend/src/middlewares/ensureAuthenticatedMiddleware.ts": {"path":"/home/ramon/Documents/Projetos-Driven/Projeto_20_todo/backend/src/middlewares/ensureAuthenticatedMiddleware.ts","statementMap":{"0":{"start":{"line":2,"column":0},"end":{"line":2,"column":31}},"1":{"start":{"line":3,"column":0},"end":{"line":3,"column":59}},"2":{"start":{"line":10,"column":24},"end":{"line":10,"column":52}},"3":{"start":{"line":11,"column":2},"end":{"line":11,"column":78}},"4":{"start":{"line":11,"column":22},"end":{"line":11,"column":78}},"5":{"start":{"line":13,"column":16},"end":{"line":13,"column":52}},"6":{"start":{"line":14,"column":2},"end":{"line":14,"column":55}},"7":{"start":{"line":14,"column":14},"end":{"line":14,"column":55}},"8":{"start":{"line":16,"column":2},"end":{"line":27,"column":null}},"9":{"start":{"line":17,"column":23},"end":{"line":17,"column":null}},"10":{"start":{"line":21,"column":4},"end":{"line":21,"column":31}},"11":{"start":{"line":23,"column":4},"end":{"line":23,"column":11}},"12":{"start":{"line":25,"column":4},"end":{"line":25,"column":21}},"13":{"start":{"line":26,"column":4},"end":{"line":26,"column":45}},"14":{"start":{"line":5,"column":0},"end":{"line":5,"column":22}}},"fnMap":{"0":{"name":"ensureAuthenticatedMiddleware","decl":{"start":{"line":5,"column":22},"end":{"line":5,"column":51}},"loc":{"start":{"line":8,"column":20},"end":{"line":28,"column":null}}}},"branchMap":{"0":{"loc":{"start":{"line":11,"column":2},"end":{"line":11,"column":78}},"type":"if","locations":[{"start":{"line":11,"column":2},"end":{"line":11,"column":78}}]},"1":{"loc":{"start":{"line":14,"column":2},"end":{"line":14,"column":55}},"type":"if","locations":[{"start":{"line":14,"column":2},"end":{"line":14,"column":55}}]}},"s":{"0":3,"1":3,"2":6,"3":6,"4":0,"5":6,"6":6,"7":0,"8":6,"9":6,"10":6,"11":6,"12":0,"13":0,"14":3},"f":{"0":6},"b":{"0":[0],"1":[0]}}
,"/home/ramon/Documents/Projetos-Driven/Projeto_20_todo/backend/src/middlewares/errorHandlerMiddleware.ts": {"path":"/home/ramon/Documents/Projetos-Driven/Projeto_20_todo/backend/src/middlewares/errorHandlerMiddleware.ts","statementMap":{"0":{"start":{"line":2,"column":0},"end":{"line":2,"column":null}},"1":{"start":{"line":14,"column":2},"end":{"line":14,"column":19}},"2":{"start":{"line":16,"column":2},"end":{"line":18,"column":null}},"3":{"start":{"line":17,"column":4},"end":{"line":17,"column":73}},"4":{"start":{"line":20,"column":2},"end":{"line":20,"column":29}},"5":{"start":{"line":8,"column":0},"end":{"line":8,"column":16}}},"fnMap":{"0":{"name":"errorHandlerMiddleware","decl":{"start":{"line":8,"column":16},"end":{"line":8,"column":38}},"loc":{"start":{"line":12,"column":21},"end":{"line":21,"column":1}}}},"branchMap":{"0":{"loc":{"start":{"line":16,"column":2},"end":{"line":18,"column":null}},"type":"if","locations":[{"start":{"line":16,"column":2},"end":{"line":18,"column":null}}]}},"s":{"0":3,"1":0,"2":0,"3":0,"4":0,"5":3},"f":{"0":0},"b":{"0":[0]}}
,"/home/ramon/Documents/Projetos-Driven/Projeto_20_todo/backend/src/middlewares/validateSchemaMiddleware.ts": {"path":"/home/ramon/Documents/Projetos-Driven/Projeto_20_todo/backend/src/middlewares/validateSchemaMiddleware.ts","statementMap":{"0":{"start":{"line":3,"column":0},"end":{"line":3,"column":58}},"1":{"start":{"line":6,"column":2},"end":{"line":13,"column":4}},"2":{"start":{"line":7,"column":23},"end":{"line":7,"column":48}},"3":{"start":{"line":8,"column":4},"end":{"line":10,"column":null}},"4":{"start":{"line":9,"column":6},"end":{"line":9,"column":55}},"5":{"start":{"line":12,"column":4},"end":{"line":12,"column":11}},"6":{"start":{"line":5,"column":0},"end":{"line":5,"column":16}}},"fnMap":{"0":{"name":"validateSchemaMiddleware","decl":{"start":{"line":5,"column":16},"end":{"line":5,"column":40}},"loc":{"start":{"line":5,"column":61},"end":{"line":14,"column":1}}},"1":{"name":"(anonymous_1)","decl":{"start":{"line":6,"column":9},"end":{"line":6,"column":10}},"loc":{"start":{"line":6,"column":62},"end":{"line":13,"column":3}}}},"branchMap":{"0":{"loc":{"start":{"line":8,"column":4},"end":{"line":10,"column":null}},"type":"if","locations":[{"start":{"line":8,"column":4},"end":{"line":10,"column":null}}]}},"s":{"0":3,"1":12,"2":4,"3":4,"4":0,"5":4,"6":3},"f":{"0":12,"1":4},"b":{"0":[0]}}
,"/home/ramon/Documents/Projetos-Driven/Projeto_20_todo/backend/src/repositories/categoryRepository.ts": {"path":"/home/ramon/Documents/Projetos-Driven/Projeto_20_todo/backend/src/repositories/categoryRepository.ts","statementMap":{"0":{"start":{"line":2,"column":0},"end":{"line":2,"column":40}},"1":{"start":{"line":3,"column":0},"end":{"line":3,"column":73}},"2":{"start":{"line":8,"column":2},"end":{"line":10,"column":5}},"3":{"start":{"line":13,"column":2},"end":{"line":20,"column":5}},"4":{"start":{"line":24,"column":2},"end":{"line":28,"column":5}},"5":{"start":{"line":32,"column":2},"end":{"line":37,"column":5}},"6":{"start":{"line":41,"column":2},"end":{"line":60,"column":5}},"7":{"start":{"line":64,"column":2},"end":{"line":64,"column":73}},"8":{"start":{"line":67,"column":27},"end":{"line":74,"column":2}},"9":{"start":{"line":76,"column":0},"end":{"line":76,"column":34}}},"fnMap":{"0":{"name":"insert","decl":{"start":{"line":7,"column":9},"end":{"line":7,"column":15}},"loc":{"start":{"line":7,"column":48},"end":{"line":11,"column":1}}},"1":{"name":"getAllByUserId","decl":{"start":{"line":12,"column":9},"end":{"line":12,"column":23}},"loc":{"start":{"line":12,"column":38},"end":{"line":21,"column":1}}},"2":{"name":"getById","decl":{"start":{"line":23,"column":9},"end":{"line":23,"column":16}},"loc":{"start":{"line":23,"column":35},"end":{"line":29,"column":1}}},"3":{"name":"getByNameAndUserId","decl":{"start":{"line":31,"column":9},"end":{"line":31,"column":27}},"loc":{"start":{"line":31,"column":56},"end":{"line":38,"column":1}}},"4":{"name":"getAllThatHaveTasksToday","decl":{"start":{"line":40,"column":9},"end":{"line":40,"column":33}},"loc":{"start":{"line":40,"column":65},"end":{"line":61,"column":1}}},"5":{"name":"truncate","decl":{"start":{"line":63,"column":15},"end":{"line":63,"column":23}},"loc":{"start":{"line":63,"column":23},"end":{"line":65,"column":null}}}},"branchMap":{},"s":{"0":5,"1":5,"2":4,"3":1,"4":2,"5":5,"6":1,"7":7,"8":5,"9":5},"f":{"0":4,"1":1,"2":2,"3":5,"4":1,"5":7},"b":{}}
,"/home/ramon/Documents/Projetos-Driven/Projeto_20_todo/backend/src/repositories/eventRepository.ts": {"path":"/home/ramon/Documents/Projetos-Driven/Projeto_20_todo/backend/src/repositories/eventRepository.ts","statementMap":{"0":{"start":{"line":2,"column":0},"end":{"line":2,"column":40}},"1":{"start":{"line":13,"column":2},"end":{"line":13,"column":52}},"2":{"start":{"line":20,"column":2},"end":{"line":27,"column":4}},"3":{"start":{"line":31,"column":2},"end":{"line":34,"column":5}},"4":{"start":{"line":37,"column":24},"end":{"line":41,"column":2}},"5":{"start":{"line":43,"column":0},"end":{"line":43,"column":31}}},"fnMap":{"0":{"name":"getById","decl":{"start":{"line":12,"column":9},"end":{"line":12,"column":16}},"loc":{"start":{"line":12,"column":27},"end":{"line":14,"column":1}}},"1":{"name":"insertMany","decl":{"start":{"line":16,"column":15},"end":{"line":16,"column":25}},"loc":{"start":{"line":18,"column":35},"end":{"line":28,"column":null}}},"2":{"name":"update","decl":{"start":{"line":30,"column":15},"end":{"line":30,"column":21}},"loc":{"start":{"line":30,"column":66},"end":{"line":35,"column":null}}}},"branchMap":{"0":{"loc":{"start":{"line":21,"column":4},"end":{"line":26,"column":6}},"type":"binary-expr","locations":[{"start":{"line":21,"column":4},"end":{"line":23,"column":6}},{"start":{"line":24,"column":4},"end":{"line":26,"column":6}}]}},"s":{"0":4,"1":0,"2":1,"3":0,"4":4,"5":4},"f":{"0":0,"1":1,"2":0},"b":{"0":[1,0]}}
,"/home/ramon/Documents/Projetos-Driven/Projeto_20_todo/backend/src/repositories/taskRepository.ts": {"path":"/home/ramon/Documents/Projetos-Driven/Projeto_20_todo/backend/src/repositories/taskRepository.ts","statementMap":{"0":{"start":{"line":2,"column":0},"end":{"line":2,"column":40}},"1":{"start":{"line":4,"column":0},"end":{"line":4,"column":61}},"2":{"start":{"line":5,"column":0},"end":{"line":5,"column":null}},"3":{"start":{"line":9,"column":0},"end":{"line":9,"column":51}},"4":{"start":{"line":23,"column":2},"end":{"line":53,"column":null}},"5":{"start":{"line":24,"column":24},"end":{"line":48,"column":6}},"6":{"start":{"line":24,"column":67},"end":{"line":48,"column":6}},"7":{"start":{"line":25,"column":29},"end":{"line":30,"column":8}},"8":{"start":{"line":32,"column":29},"end":{"line":32,"column":31}},"9":{"start":{"line":34,"column":6},"end":{"line":45,"column":null}},"10":{"start":{"line":34,"column":19},"end":{"line":34,"column":20}},"11":{"start":{"line":35,"column":27},"end":{"line":35,"column":32}},"12":{"start":{"line":37,"column":8},"end":{"line":44,"column":10}},"13":{"start":{"line":38,"column":50},"end":{"line":43,"column":12}},"14":{"start":{"line":47,"column":6},"end":{"line":47,"column":63}},"15":{"start":{"line":50,"column":4},"end":{"line":50,"column":23}},"16":{"start":{"line":52,"column":4},"end":{"line":52,"column":43}},"17":{"start":{"line":57,"column":2},"end":{"line":57,"column":59}},"18":{"start":{"line":64,"column":2},"end":{"line":98,"column":5}},"19":{"start":{"line":102,"column":2},"end":{"line":108,"column":5}},"20":{"start":{"line":112,"column":2},"end":{"line":119,"column":5}},"21":{"start":{"line":123,"column":2},"end":{"line":128,"column":5}},"22":{"start":{"line":132,"column":2},"end":{"line":132,"column":69}},"23":{"start":{"line":135,"column":23},"end":{"line":143,"column":2}},"24":{"start":{"line":145,"column":0},"end":{"line":145,"column":30}}},"fnMap":{"0":{"name":"insert","decl":{"start":{"line":19,"column":15},"end":{"line":19,"column":21}},"loc":{"start":{"line":21,"column":55},"end":{"line":54,"column":null}}},"1":{"name":"(anonymous_10)","decl":{"start":{"line":24,"column":50},"end":{"line":24,"column":57}},"loc":{"start":{"line":24,"column":67},"end":{"line":48,"column":6}}},"2":{"name":"(anonymous_11)","decl":{"start":{"line":24,"column":67},"end":{"line":24,"column":null}},"loc":{"start":{"line":24,"column":67},"end":{"line":48,"column":5}}},"3":{"name":"(anonymous_12)","decl":{"start":{"line":38,"column":26},"end":{"line":38,"column":27}},"loc":{"start":{"line":38,"column":50},"end":{"line":43,"column":12}}},"4":{"name":"getById","decl":{"start":{"line":56,"column":15},"end":{"line":56,"column":22}},"loc":{"start":{"line":56,"column":37},"end":{"line":58,"column":null}}},"5":{"name":"getAllByUserIdOrQueries","decl":{"start":{"line":60,"column":15},"end":{"line":60,"column":38}},"loc":{"start":{"line":62,"column":29},"end":{"line":99,"column":null}}},"6":{"name":"getByUserId","decl":{"start":{"line":101,"column":15},"end":{"line":101,"column":26}},"loc":{"start":{"line":101,"column":41},"end":{"line":109,"column":null}}},"7":{"name":"getByNameAndUserId","decl":{"start":{"line":111,"column":15},"end":{"line":111,"column":33}},"loc":{"start":{"line":111,"column":62},"end":{"line":120,"column":null}}},"8":{"name":"update","decl":{"start":{"line":122,"column":15},"end":{"line":122,"column":21}},"loc":{"start":{"line":122,"column":68},"end":{"line":129,"column":null}}},"9":{"name":"truncate","decl":{"start":{"line":131,"column":15},"end":{"line":131,"column":23}},"loc":{"start":{"line":131,"column":23},"end":{"line":133,"column":null}}}},"branchMap":{},"s":{"0":4,"1":4,"2":4,"3":4,"4":1,"5":1,"6":1,"7":1,"8":1,"9":1,"10":1,"11":1,"12":1,"13":7,"14":1,"15":1,"16":0,"17":2,"18":1,"19":0,"20":2,"21":1,"22":1,"23":4,"24":4},"f":{"0":1,"1":1,"2":1,"3":7,"4":2,"5":1,"6":0,"7":2,"8":1,"9":1},"b":{}}
,"/home/ramon/Documents/Projetos-Driven/Projeto_20_todo/backend/src/repositories/userRepository.ts": {"path":"/home/ramon/Documents/Projetos-Driven/Projeto_20_todo/backend/src/repositories/userRepository.ts","statementMap":{"0":{"start":{"line":2,"column":0},"end":{"line":2,"column":40}},"1":{"start":{"line":7,"column":2},"end":{"line":9,"column":5}},"2":{"start":{"line":13,"column":2},"end":{"line":17,"column":5}},"3":{"start":{"line":21,"column":2},"end":{"line":25,"column":5}},"4":{"start":{"line":29,"column":2},"end":{"line":29,"column":68}},"5":{"start":{"line":32,"column":23},"end":{"line":37,"column":2}},"6":{"start":{"line":39,"column":0},"end":{"line":39,"column":30}}},"fnMap":{"0":{"name":"insert","decl":{"start":{"line":6,"column":15},"end":{"line":6,"column":21}},"loc":{"start":{"line":6,"column":40},"end":{"line":10,"column":null}}},"1":{"name":"getById","decl":{"start":{"line":12,"column":15},"end":{"line":12,"column":22}},"loc":{"start":{"line":12,"column":33},"end":{"line":18,"column":null}}},"2":{"name":"getByEmail","decl":{"start":{"line":20,"column":15},"end":{"line":20,"column":25}},"loc":{"start":{"line":20,"column":39},"end":{"line":26,"column":null}}},"3":{"name":"truncate","decl":{"start":{"line":28,"column":15},"end":{"line":28,"column":23}},"loc":{"start":{"line":28,"column":23},"end":{"line":30,"column":null}}}},"branchMap":{},"s":{"0":6,"1":8,"2":8,"3":9,"4":5,"5":6,"6":6},"f":{"0":8,"1":8,"2":9,"3":5},"b":{}}
,"/home/ramon/Documents/Projetos-Driven/Projeto_20_todo/backend/src/repositories/weekDayRepository.ts": {"path":"/home/ramon/Documents/Projetos-Driven/Projeto_20_todo/backend/src/repositories/weekDayRepository.ts","statementMap":{"0":{"start":{"line":1,"column":0},"end":{"line":1,"column":40}},"1":{"start":{"line":4,"column":2},"end":{"line":8,"column":5}},"2":{"start":{"line":11,"column":26},"end":{"line":13,"column":2}},"3":{"start":{"line":15,"column":0},"end":{"line":15,"column":33}}},"fnMap":{"0":{"name":"findAll","decl":{"start":{"line":3,"column":9},"end":{"line":3,"column":16}},"loc":{"start":{"line":3,"column":16},"end":{"line":9,"column":1}}}},"branchMap":{},"s":{"0":4,"1":5,"2":4,"3":4},"f":{"0":5},"b":{}}
,"/home/ramon/Documents/Projetos-Driven/Projeto_20_todo/backend/src/routers/categoryRouter.ts": {"path":"/home/ramon/Documents/Projetos-Driven/Projeto_20_todo/backend/src/routers/categoryRouter.ts","statementMap":{"0":{"start":{"line":1,"column":0},"end":{"line":1,"column":33}},"1":{"start":{"line":2,"column":0},"end":{"line":2,"column":70}},"2":{"start":{"line":3,"column":0},"end":{"line":3,"column":96}},"3":{"start":{"line":4,"column":0},"end":{"line":4,"column":86}},"4":{"start":{"line":5,"column":0},"end":{"line":5,"column":58}},"5":{"start":{"line":7,"column":23},"end":{"line":7,"column":31}},"6":{"start":{"line":8,"column":0},"end":{"line":13,"column":2}},"7":{"start":{"line":15,"column":0},"end":{"line":19,"column":2}},"8":{"start":{"line":21,"column":0},"end":{"line":25,"column":2}},"9":{"start":{"line":27,"column":0},"end":{"line":27,"column":30}}},"fnMap":{},"branchMap":{},"s":{"0":3,"1":3,"2":3,"3":3,"4":3,"5":3,"6":3,"7":3,"8":3,"9":3},"f":{},"b":{}}
,"/home/ramon/Documents/Projetos-Driven/Projeto_20_todo/backend/src/routers/e2eRouter.ts": {"path":"/home/ramon/Documents/Projetos-Driven/Projeto_20_todo/backend/src/routers/e2eRouter.ts","statementMap":{"0":{"start":{"line":1,"column":0},"end":{"line":1,"column":33}},"1":{"start":{"line":2,"column":0},"end":{"line":2,"column":60}},"2":{"start":{"line":4,"column":18},"end":{"line":4,"column":26}},"3":{"start":{"line":5,"column":0},"end":{"line":5,"column":56}},"4":{"start":{"line":7,"column":0},"end":{"line":7,"column":25}}},"fnMap":{},"branchMap":{},"s":{"0":3,"1":3,"2":3,"3":3,"4":3},"f":{},"b":{}}
,"/home/ramon/Documents/Projetos-Driven/Projeto_20_todo/backend/src/routers/eventRouter.ts": {"path":"/home/ramon/Documents/Projetos-Driven/Projeto_20_todo/backend/src/routers/eventRouter.ts","statementMap":{"0":{"start":{"line":1,"column":0},"end":{"line":1,"column":33}},"1":{"start":{"line":2,"column":0},"end":{"line":2,"column":64}},"2":{"start":{"line":3,"column":0},"end":{"line":3,"column":96}},"3":{"start":{"line":5,"column":20},"end":{"line":5,"column":28}},"4":{"start":{"line":7,"column":0},"end":{"line":11,"column":2}},"5":{"start":{"line":13,"column":0},"end":{"line":13,"column":27}}},"fnMap":{},"branchMap":{},"s":{"0":3,"1":3,"2":3,"3":3,"4":3,"5":3},"f":{},"b":{}}
,"/home/ramon/Documents/Projetos-Driven/Projeto_20_todo/backend/src/routers/index.ts": {"path":"/home/ramon/Documents/Projetos-Driven/Projeto_20_todo/backend/src/routers/index.ts","statementMap":{"0":{"start":{"line":1,"column":0},"end":{"line":1,"column":33}},"1":{"start":{"line":2,"column":0},"end":{"line":2,"column":49}},"2":{"start":{"line":3,"column":0},"end":{"line":3,"column":47}},"3":{"start":{"line":4,"column":0},"end":{"line":4,"column":39}},"4":{"start":{"line":5,"column":0},"end":{"line":5,"column":41}},"5":{"start":{"line":6,"column":0},"end":{"line":6,"column":41}},"6":{"start":{"line":7,"column":0},"end":{"line":7,"column":43}},"7":{"start":{"line":9,"column":15},"end":{"line":9,"column":23}},"8":{"start":{"line":10,"column":0},"end":{"line":10,"column":23}},"9":{"start":{"line":11,"column":0},"end":{"line":11,"column":27}},"10":{"start":{"line":12,"column":0},"end":{"line":12,"column":26}},"11":{"start":{"line":13,"column":0},"end":{"line":13,"column":23}},"12":{"start":{"line":14,"column":0},"end":{"line":14,"column":24}},"13":{"start":{"line":16,"column":0},"end":{"line":18,"column":null}},"14":{"start":{"line":17,"column":2},"end":{"line":17,"column":24}},"15":{"start":{"line":20,"column":0},"end":{"line":20,"column":22}}},"fnMap":{},"branchMap":{"0":{"loc":{"start":{"line":16,"column":0},"end":{"line":18,"column":null}},"type":"if","locations":[{"start":{"line":16,"column":0},"end":{"line":18,"column":null}}]}},"s":{"0":3,"1":3,"2":3,"3":3,"4":3,"5":3,"6":3,"7":3,"8":3,"9":3,"10":3,"11":3,"12":3,"13":3,"14":3,"15":3},"f":{},"b":{"0":[3]}}
,"/home/ramon/Documents/Projetos-Driven/Projeto_20_todo/backend/src/routers/taskRouter.ts": {"path":"/home/ramon/Documents/Projetos-Driven/Projeto_20_todo/backend/src/routers/taskRouter.ts","statementMap":{"0":{"start":{"line":1,"column":0},"end":{"line":1,"column":33}},"1":{"start":{"line":2,"column":0},"end":{"line":2,"column":62}},"2":{"start":{"line":3,"column":0},"end":{"line":3,"column":96}},"3":{"start":{"line":4,"column":0},"end":{"line":4,"column":86}},"4":{"start":{"line":5,"column":0},"end":{"line":5,"column":62}},"5":{"start":{"line":7,"column":19},"end":{"line":7,"column":27}},"6":{"start":{"line":8,"column":0},"end":{"line":13,"column":2}},"7":{"start":{"line":15,"column":0},"end":{"line":15,"column":79}},"8":{"start":{"line":17,"column":0},"end":{"line":21,"column":2}},"9":{"start":{"line":23,"column":0},"end":{"line":23,"column":26}}},"fnMap":{},"branchMap":{},"s":{"0":3,"1":3,"2":3,"3":3,"4":3,"5":3,"6":3,"7":3,"8":3,"9":3},"f":{},"b":{}}
,"/home/ramon/Documents/Projetos-Driven/Projeto_20_todo/backend/src/routers/userRouter.ts": {"path":"/home/ramon/Documents/Projetos-Driven/Projeto_20_todo/backend/src/routers/userRouter.ts","statementMap":{"0":{"start":{"line":1,"column":0},"end":{"line":1,"column":33}},"1":{"start":{"line":2,"column":0},"end":{"line":2,"column":62}},"2":{"start":{"line":3,"column":0},"end":{"line":3,"column":86}},"3":{"start":{"line":4,"column":0},"end":{"line":4,"column":52}},"4":{"start":{"line":5,"column":0},"end":{"line":5,"column":54}},"5":{"start":{"line":7,"column":19},"end":{"line":7,"column":27}},"6":{"start":{"line":8,"column":0},"end":{"line":12,"column":2}},"7":{"start":{"line":14,"column":0},"end":{"line":18,"column":2}},"8":{"start":{"line":20,"column":0},"end":{"line":20,"column":26}}},"fnMap":{},"branchMap":{},"s":{"0":3,"1":3,"2":3,"3":3,"4":3,"5":3,"6":3,"7":3,"8":3},"f":{},"b":{}}
,"/home/ramon/Documents/Projetos-Driven/Projeto_20_todo/backend/src/routers/weekDayRouter.ts": {"path":"/home/ramon/Documents/Projetos-Driven/Projeto_20_todo/backend/src/routers/weekDayRouter.ts","statementMap":{"0":{"start":{"line":1,"column":0},"end":{"line":1,"column":33}},"1":{"start":{"line":2,"column":0},"end":{"line":2,"column":68}},"2":{"start":{"line":4,"column":22},"end":{"line":4,"column":30}},"3":{"start":{"line":5,"column":0},"end":{"line":5,"column":53}},"4":{"start":{"line":7,"column":0},"end":{"line":7,"column":29}}},"fnMap":{},"branchMap":{},"s":{"0":3,"1":3,"2":3,"3":3,"4":3},"f":{},"b":{}}
,"/home/ramon/Documents/Projetos-Driven/Projeto_20_todo/backend/src/schemas/categorySchema.ts": {"path":"/home/ramon/Documents/Projetos-Driven/Projeto_20_todo/backend/src/schemas/categorySchema.ts","statementMap":{"0":{"start":{"line":1,"column":0},"end":{"line":1,"column":22}},"1":{"start":{"line":4,"column":23},"end":{"line":8,"column":2}},"2":{"start":{"line":10,"column":0},"end":{"line":10,"column":30}}},"fnMap":{},"branchMap":{},"s":{"0":3,"1":3,"2":3},"f":{},"b":{}}
,"/home/ramon/Documents/Projetos-Driven/Projeto_20_todo/backend/src/schemas/createTaskSchema.ts": {"path":"/home/ramon/Documents/Projetos-Driven/Projeto_20_todo/backend/src/schemas/createTaskSchema.ts","statementMap":{"0":{"start":{"line":1,"column":0},"end":{"line":1,"column":22}},"1":{"start":{"line":4,"column":25},"end":{"line":9,"column":2}},"2":{"start":{"line":11,"column":0},"end":{"line":11,"column":32}}},"fnMap":{},"branchMap":{},"s":{"0":3,"1":3,"2":3},"f":{},"b":{}}
,"/home/ramon/Documents/Projetos-Driven/Projeto_20_todo/backend/src/schemas/loginSchema.ts": {"path":"/home/ramon/Documents/Projetos-Driven/Projeto_20_todo/backend/src/schemas/loginSchema.ts","statementMap":{"0":{"start":{"line":1,"column":0},"end":{"line":1,"column":22}},"1":{"start":{"line":4,"column":20},"end":{"line":7,"column":2}},"2":{"start":{"line":9,"column":0},"end":{"line":9,"column":27}}},"fnMap":{},"branchMap":{},"s":{"0":3,"1":3,"2":3},"f":{},"b":{}}
,"/home/ramon/Documents/Projetos-Driven/Projeto_20_todo/backend/src/schemas/signUpSchema.ts": {"path":"/home/ramon/Documents/Projetos-Driven/Projeto_20_todo/backend/src/schemas/signUpSchema.ts","statementMap":{"0":{"start":{"line":1,"column":0},"end":{"line":1,"column":22}},"1":{"start":{"line":4,"column":21},"end":{"line":8,"column":2}},"2":{"start":{"line":10,"column":0},"end":{"line":10,"column":28}}},"fnMap":{},"branchMap":{},"s":{"0":3,"1":3,"2":3},"f":{},"b":{}}
,"/home/ramon/Documents/Projetos-Driven/Projeto_20_todo/backend/src/services/categoryService.ts": {"path":"/home/ramon/Documents/Projetos-Driven/Projeto_20_todo/backend/src/services/categoryService.ts","statementMap":{"0":{"start":{"line":2,"column":0},"end":{"line":2,"column":70}},"1":{"start":{"line":3,"column":0},"end":{"line":3,"column":null}},"2":{"start":{"line":6,"column":0},"end":{"line":6,"column":43}},"3":{"start":{"line":7,"column":0},"end":{"line":7,"column":26}},"4":{"start":{"line":8,"column":0},"end":{"line":8,"column":65}},"5":{"start":{"line":9,"column":0},"end":{"line":9,"column":58}},"6":{"start":{"line":14,"column":2},"end":{"line":14,"column":46}},"7":{"start":{"line":15,"column":2},"end":{"line":15,"column":53}},"8":{"start":{"line":17,"column":2},"end":{"line":20,"column":5}},"9":{"start":{"line":24,"column":2},"end":{"line":24,"column":46}},"10":{"start":{"line":26,"column":25},"end":{"line":26,"column":38}},"11":{"start":{"line":27,"column":20},"end":{"line":27,"column":65}},"12":{"start":{"line":29,"column":2},"end":{"line":29,"column":72}},"13":{"start":{"line":33,"column":2},"end":{"line":33,"column":46}},"14":{"start":{"line":35,"column":2},"end":{"line":35,"column":51}},"15":{"start":{"line":39,"column":27},"end":{"line":41,"column":null}},"16":{"start":{"line":44,"column":2},"end":{"line":46,"column":null}},"17":{"start":{"line":45,"column":4},"end":{"line":45,"column":55}},"18":{"start":{"line":50,"column":27},"end":{"line":50,"column":71}},"19":{"start":{"line":52,"column":2},"end":{"line":54,"column":null}},"20":{"start":{"line":53,"column":4},"end":{"line":53,"column":46}},"21":{"start":{"line":57,"column":24},"end":{"line":62,"column":2}},"22":{"start":{"line":64,"column":0},"end":{"line":64,"column":31}}},"fnMap":{"0":{"name":"create","decl":{"start":{"line":13,"column":15},"end":{"line":13,"column":21}},"loc":{"start":{"line":13,"column":70},"end":{"line":21,"column":null}}},"1":{"name":"getTodays","decl":{"start":{"line":23,"column":15},"end":{"line":23,"column":24}},"loc":{"start":{"line":23,"column":39},"end":{"line":30,"column":null}}},"2":{"name":"getAll","decl":{"start":{"line":32,"column":15},"end":{"line":32,"column":21}},"loc":{"start":{"line":32,"column":36},"end":{"line":36,"column":null}}},"3":{"name":"validateDuplicate","decl":{"start":{"line":38,"column":15},"end":{"line":38,"column":32}},"loc":{"start":{"line":38,"column":61},"end":{"line":47,"column":null}}},"4":{"name":"validateExistence","decl":{"start":{"line":49,"column":15},"end":{"line":49,"column":32}},"loc":{"start":{"line":49,"column":51},"end":{"line":55,"column":null}}}},"branchMap":{"0":{"loc":{"start":{"line":44,"column":2},"end":{"line":46,"column":null}},"type":"if","locations":[{"start":{"line":44,"column":2},"end":{"line":46,"column":null}}]},"1":{"loc":{"start":{"line":52,"column":2},"end":{"line":54,"column":null}},"type":"if","locations":[{"start":{"line":52,"column":2},"end":{"line":54,"column":null}}]}},"s":{"0":5,"1":5,"2":5,"3":5,"4":5,"5":5,"6":7,"7":6,"8":5,"9":3,"10":2,"11":2,"12":2,"13":3,"14":2,"15":6,"16":6,"17":1,"18":7,"19":7,"20":2,"21":5,"22":5},"f":{"0":7,"1":3,"2":3,"3":6,"4":7},"b":{"0":[1],"1":[2]}}
,"/home/ramon/Documents/Projetos-Driven/Projeto_20_todo/backend/src/services/e2eService.ts": {"path":"/home/ramon/Documents/Projetos-Driven/Projeto_20_todo/backend/src/services/e2eService.ts","statementMap":{"0":{"start":{"line":1,"column":0},"end":{"line":1,"column":71}},"1":{"start":{"line":2,"column":0},"end":{"line":2,"column":63}},"2":{"start":{"line":5,"column":2},"end":{"line":5,"column":38}},"3":{"start":{"line":6,"column":2},"end":{"line":6,"column":34}},"4":{"start":{"line":9,"column":19},"end":{"line":11,"column":2}},"5":{"start":{"line":13,"column":0},"end":{"line":13,"column":26}}},"fnMap":{"0":{"name":"truncate","decl":{"start":{"line":4,"column":15},"end":{"line":4,"column":23}},"loc":{"start":{"line":4,"column":23},"end":{"line":7,"column":null}}}},"branchMap":{},"s":{"0":3,"1":3,"2":0,"3":0,"4":3,"5":3},"f":{"0":0},"b":{}}
,"/home/ramon/Documents/Projetos-Driven/Projeto_20_todo/backend/src/services/eventService.ts": {"path":"/home/ramon/Documents/Projetos-Driven/Projeto_20_todo/backend/src/services/eventService.ts","statementMap":{"0":{"start":{"line":1,"column":0},"end":{"line":1,"column":26}},"1":{"start":{"line":2,"column":0},"end":{"line":2,"column":65}},"2":{"start":{"line":3,"column":0},"end":{"line":3,"column":72}},"3":{"start":{"line":4,"column":0},"end":{"line":4,"column":58}},"4":{"start":{"line":7,"column":16},"end":{"line":7,"column":48}},"5":{"start":{"line":9,"column":2},"end":{"line":9,"column":27}},"6":{"start":{"line":11,"column":2},"end":{"line":11,"column":71}},"7":{"start":{"line":15,"column":16},"end":{"line":15,"column":48}},"8":{"start":{"line":17,"column":2},"end":{"line":19,"column":null}},"9":{"start":{"line":18,"column":4},"end":{"line":18,"column":43}},"10":{"start":{"line":21,"column":2},"end":{"line":21,"column":15}},"11":{"start":{"line":25,"column":16},"end":{"line":25,"column":49}},"12":{"start":{"line":26,"column":22},"end":{"line":26,"column":48}},"13":{"start":{"line":28,"column":2},"end":{"line":30,"column":null}},"14":{"start":{"line":29,"column":4},"end":{"line":29,"column":55}},"15":{"start":{"line":33,"column":21},"end":{"line":35,"column":2}},"16":{"start":{"line":37,"column":0},"end":{"line":37,"column":28}}},"fnMap":{"0":{"name":"checkOrUncheck","decl":{"start":{"line":6,"column":15},"end":{"line":6,"column":29}},"loc":{"start":{"line":6,"column":45},"end":{"line":12,"column":null}}},"1":{"name":"validateExistense","decl":{"start":{"line":14,"column":15},"end":{"line":14,"column":32}},"loc":{"start":{"line":14,"column":48},"end":{"line":22,"column":null}}},"2":{"name":"validateDate","decl":{"start":{"line":24,"column":9},"end":{"line":24,"column":21}},"loc":{"start":{"line":24,"column":32},"end":{"line":31,"column":1}}}},"branchMap":{"0":{"loc":{"start":{"line":17,"column":2},"end":{"line":19,"column":null}},"type":"if","locations":[{"start":{"line":17,"column":2},"end":{"line":19,"column":null}}]},"1":{"loc":{"start":{"line":28,"column":2},"end":{"line":30,"column":null}},"type":"if","locations":[{"start":{"line":28,"column":2},"end":{"line":30,"column":null}}]}},"s":{"0":3,"1":3,"2":3,"3":3,"4":0,"5":0,"6":0,"7":0,"8":0,"9":0,"10":0,"11":0,"12":0,"13":0,"14":0,"15":3,"16":3},"f":{"0":0,"1":0,"2":0},"b":{"0":[0],"1":[0]}}
,"/home/ramon/Documents/Projetos-Driven/Projeto_20_todo/backend/src/services/taskService.ts": {"path":"/home/ramon/Documents/Projetos-Driven/Projeto_20_todo/backend/src/services/taskService.ts","statementMap":{"0":{"start":{"line":1,"column":0},"end":{"line":1,"column":null}},"1":{"start":{"line":5,"column":0},"end":{"line":5,"column":70}},"2":{"start":{"line":6,"column":0},"end":{"line":6,"column":51}},"3":{"start":{"line":7,"column":0},"end":{"line":7,"column":49}},"4":{"start":{"line":8,"column":0},"end":{"line":8,"column":43}},"5":{"start":{"line":9,"column":0},"end":{"line":9,"column":72}},"6":{"start":{"line":12,"column":2},"end":{"line":12,"column":46}},"7":{"start":{"line":13,"column":2},"end":{"line":13,"column":74}},"8":{"start":{"line":14,"column":2},"end":{"line":14,"column":69}},"9":{"start":{"line":15,"column":2},"end":{"line":15,"column":55}},"10":{"start":{"line":17,"column":2},"end":{"line":17,"column":55}},"11":{"start":{"line":26,"column":2},"end":{"line":26,"column":46}},"12":{"start":{"line":28,"column":2},"end":{"line":28,"column":24}},"13":{"start":{"line":29,"column":2},"end":{"line":29,"column":52}},"14":{"start":{"line":31,"column":2},"end":{"line":33,"column":null}},"15":{"start":{"line":32,"column":4},"end":{"line":32,"column":64}},"16":{"start":{"line":35,"column":2},"end":{"line":35,"column":65}},"17":{"start":{"line":39,"column":2},"end":{"line":39,"column":34}},"18":{"start":{"line":41,"column":2},"end":{"line":41,"column":55}},"19":{"start":{"line":45,"column":23},"end":{"line":45,"column":76}},"20":{"start":{"line":47,"column":2},"end":{"line":49,"column":null}},"21":{"start":{"line":48,"column":4},"end":{"line":48,"column":51}},"22":{"start":{"line":53,"column":15},"end":{"line":53,"column":51}},"23":{"start":{"line":55,"column":2},"end":{"line":57,"column":null}},"24":{"start":{"line":56,"column":4},"end":{"line":56,"column":42}},"25":{"start":{"line":60,"column":20},"end":{"line":64,"column":2}},"26":{"start":{"line":66,"column":0},"end":{"line":66,"column":27}}},"fnMap":{"0":{"name":"create","decl":{"start":{"line":11,"column":15},"end":{"line":11,"column":21}},"loc":{"start":{"line":11,"column":68},"end":{"line":18,"column":null}}},"1":{"name":"getAll","decl":{"start":{"line":25,"column":15},"end":{"line":25,"column":21}},"loc":{"start":{"line":25,"column":64},"end":{"line":36,"column":null}}},"2":{"name":"update","decl":{"start":{"line":38,"column":15},"end":{"line":38,"column":21}},"loc":{"start":{"line":38,"column":68},"end":{"line":42,"column":null}}},"3":{"name":"validateDuplicate","decl":{"start":{"line":44,"column":15},"end":{"line":44,"column":32}},"loc":{"start":{"line":44,"column":61},"end":{"line":50,"column":null}}},"4":{"name":"validateExistense","decl":{"start":{"line":52,"column":15},"end":{"line":52,"column":32}},"loc":{"start":{"line":52,"column":47},"end":{"line":58,"column":null}}}},"branchMap":{"0":{"loc":{"start":{"line":31,"column":2},"end":{"line":33,"column":null}},"type":"if","locations":[{"start":{"line":31,"column":2},"end":{"line":33,"column":null}}]},"1":{"loc":{"start":{"line":47,"column":2},"end":{"line":49,"column":null}},"type":"if","locations":[{"start":{"line":47,"column":2},"end":{"line":49,"column":null}}]},"2":{"loc":{"start":{"line":55,"column":2},"end":{"line":57,"column":null}},"type":"if","locations":[{"start":{"line":55,"column":2},"end":{"line":57,"column":null}}]}},"s":{"0":4,"1":4,"2":4,"3":4,"4":4,"5":4,"6":5,"7":5,"8":4,"9":3,"10":2,"11":4,"12":3,"13":3,"14":3,"15":3,"16":2,"17":3,"18":2,"19":3,"20":3,"21":1,"22":3,"23":3,"24":1,"25":4,"26":4},"f":{"0":5,"1":4,"2":3,"3":3,"4":3},"b":{"0":[3],"1":[1],"2":[1]}}
,"/home/ramon/Documents/Projetos-Driven/Projeto_20_todo/backend/src/services/userService.ts": {"path":"/home/ramon/Documents/Projetos-Driven/Projeto_20_todo/backend/src/services/userService.ts","statementMap":{"0":{"start":{"line":1,"column":0},"end":{"line":1,"column":77}},"1":{"start":{"line":2,"column":0},"end":{"line":2,"column":null}},"2":{"start":{"line":7,"column":0},"end":{"line":7,"column":31}},"3":{"start":{"line":8,"column":0},"end":{"line":8,"column":28}},"4":{"start":{"line":11,"column":2},"end":{"line":11,"column":46}},"5":{"start":{"line":13,"column":2},"end":{"line":16,"column":5}},"6":{"start":{"line":26,"column":6},"end":{"line":26,"column":42}},"7":{"start":{"line":28,"column":2},"end":{"line":28,"column":49}},"8":{"start":{"line":30,"column":30},"end":{"line":30,"column":48}},"9":{"start":{"line":31,"column":16},"end":{"line":33,"column":4}},"10":{"start":{"line":35,"column":15},"end":{"line":39,"column":4}},"11":{"start":{"line":41,"column":2},"end":{"line":41,"column":14}},"12":{"start":{"line":45,"column":23},"end":{"line":45,"column":61}},"13":{"start":{"line":47,"column":2},"end":{"line":49,"column":null}},"14":{"start":{"line":48,"column":4},"end":{"line":48,"column":61}},"15":{"start":{"line":53,"column":23},"end":{"line":53,"column":61}},"16":{"start":{"line":55,"column":2},"end":{"line":57,"column":null}},"17":{"start":{"line":56,"column":4},"end":{"line":56,"column":51}},"18":{"start":{"line":59,"column":2},"end":{"line":59,"column":22}},"19":{"start":{"line":63,"column":26},"end":{"line":63,"column":73}},"20":{"start":{"line":65,"column":2},"end":{"line":67,"column":null}},"21":{"start":{"line":66,"column":4},"end":{"line":66,"column":51}},"22":{"start":{"line":71,"column":15},"end":{"line":71,"column":51}},"23":{"start":{"line":73,"column":2},"end":{"line":75,"column":null}},"24":{"start":{"line":74,"column":4},"end":{"line":74,"column":51}},"25":{"start":{"line":78,"column":20},"end":{"line":82,"column":2}},"26":{"start":{"line":84,"column":0},"end":{"line":84,"column":27}}},"fnMap":{"0":{"name":"signUp","decl":{"start":{"line":10,"column":15},"end":{"line":10,"column":21}},"loc":{"start":{"line":10,"column":40},"end":{"line":17,"column":null}}},"1":{"name":"login","decl":{"start":{"line":21,"column":15},"end":{"line":21,"column":20}},"loc":{"start":{"line":21,"column":41},"end":{"line":42,"column":null}}},"2":{"name":"validateDuplicateUser","decl":{"start":{"line":44,"column":15},"end":{"line":44,"column":36}},"loc":{"start":{"line":44,"column":50},"end":{"line":50,"column":null}}},"3":{"name":"getUserOrfail","decl":{"start":{"line":52,"column":15},"end":{"line":52,"column":28}},"loc":{"start":{"line":52,"column":42},"end":{"line":60,"column":null}}},"4":{"name":"validatePassword","decl":{"start":{"line":62,"column":9},"end":{"line":62,"column":25}},"loc":{"start":{"line":62,"column":69},"end":{"line":68,"column":1}}},"5":{"name":"validateExistence","decl":{"start":{"line":70,"column":15},"end":{"line":70,"column":32}},"loc":{"start":{"line":70,"column":47},"end":{"line":76,"column":null}}}},"branchMap":{"0":{"loc":{"start":{"line":47,"column":2},"end":{"line":49,"column":null}},"type":"if","locations":[{"start":{"line":47,"column":2},"end":{"line":49,"column":null}}]},"1":{"loc":{"start":{"line":55,"column":2},"end":{"line":57,"column":null}},"type":"if","locations":[{"start":{"line":55,"column":2},"end":{"line":57,"column":null}}]},"2":{"loc":{"start":{"line":65,"column":2},"end":{"line":67,"column":null}},"type":"if","locations":[{"start":{"line":65,"column":2},"end":{"line":67,"column":null}}]},"3":{"loc":{"start":{"line":73,"column":2},"end":{"line":75,"column":null}},"type":"if","locations":[{"start":{"line":73,"column":2},"end":{"line":75,"column":null}}]}},"s":{"0":6,"1":6,"2":6,"3":6,"4":2,"5":1,"6":9,"7":8,"8":7,"9":7,"10":7,"11":7,"12":2,"13":2,"14":1,"15":9,"16":9,"17":1,"18":8,"19":8,"20":8,"21":1,"22":22,"23":22,"24":4,"25":6,"26":6},"f":{"0":2,"1":9,"2":2,"3":9,"4":8,"5":22},"b":{"0":[1],"1":[1],"2":[1],"3":[4]}}
,"/home/ramon/Documents/Projetos-Driven/Projeto_20_todo/backend/src/services/weekDayService.ts": {"path":"/home/ramon/Documents/Projetos-Driven/Projeto_20_todo/backend/src/services/weekDayService.ts","statementMap":{"0":{"start":{"line":2,"column":0},"end":{"line":2,"column":69}},"1":{"start":{"line":3,"column":0},"end":{"line":3,"column":57}},"2":{"start":{"line":6,"column":2},"end":{"line":6,"column":37}},"3":{"start":{"line":10,"column":21},"end":{"line":10,"column":35}},"4":{"start":{"line":12,"column":2},"end":{"line":18,"column":5}},"5":{"start":{"line":13,"column":23},"end":{"line":13,"column":78}},"6":{"start":{"line":13,"column":54},"end":{"line":13,"column":77}},"7":{"start":{"line":15,"column":4},"end":{"line":17,"column":null}},"8":{"start":{"line":16,"column":6},"end":{"line":16,"column":67}},"9":{"start":{"line":21,"column":23},"end":{"line":24,"column":2}},"10":{"start":{"line":26,"column":0},"end":{"line":26,"column":30}}},"fnMap":{"0":{"name":"getAll","decl":{"start":{"line":5,"column":15},"end":{"line":5,"column":21}},"loc":{"start":{"line":5,"column":21},"end":{"line":7,"column":null}}},"1":{"name":"validateWeekDaysExistence","decl":{"start":{"line":9,"column":15},"end":{"line":9,"column":40}},"loc":{"start":{"line":9,"column":60},"end":{"line":19,"column":null}}},"2":{"name":"(anonymous_12)","decl":{"start":{"line":12,"column":19},"end":{"line":12,"column":20}},"loc":{"start":{"line":12,"column":27},"end":{"line":18,"column":3}}},"3":{"name":"(anonymous_13)","decl":{"start":{"line":13,"column":39},"end":{"line":13,"column":40}},"loc":{"start":{"line":13,"column":54},"end":{"line":13,"column":77}}}},"branchMap":{"0":{"loc":{"start":{"line":15,"column":4},"end":{"line":17,"column":null}},"type":"if","locations":[{"start":{"line":15,"column":4},"end":{"line":17,"column":null}}]}},"s":{"0":4,"1":4,"2":5,"3":5,"4":5,"5":29,"6":119,"7":29,"8":1,"9":4,"10":4},"f":{"0":5,"1":5,"2":29,"3":119},"b":{"0":[1]}}
,"/home/ramon/Documents/Projetos-Driven/Projeto_20_todo/backend/src/utils/errorUtils.ts": {"path":"/home/ramon/Documents/Projetos-Driven/Projeto_20_todo/backend/src/utils/errorUtils.ts","statementMap":{"0":{"start":{"line":14,"column":2},"end":{"line":14,"column":48}},"1":{"start":{"line":13,"column":0},"end":{"line":13,"column":16}},"2":{"start":{"line":18,"column":2},"end":{"line":18,"column":38}},"3":{"start":{"line":18,"column":27},"end":{"line":18,"column":38}},"4":{"start":{"line":19,"column":2},"end":{"line":19,"column":39}},"5":{"start":{"line":19,"column":28},"end":{"line":19,"column":39}},"6":{"start":{"line":20,"column":2},"end":{"line":20,"column":42}},"7":{"start":{"line":20,"column":31},"end":{"line":20,"column":42}},"8":{"start":{"line":21,"column":2},"end":{"line":21,"column":42}},"9":{"start":{"line":21,"column":31},"end":{"line":21,"column":42}},"10":{"start":{"line":22,"column":2},"end":{"line":22,"column":51}},"11":{"start":{"line":22,"column":40},"end":{"line":22,"column":51}},"12":{"start":{"line":23,"column":2},"end":{"line":23,"column":13}},"13":{"start":{"line":17,"column":0},"end":{"line":17,"column":16}},"14":{"start":{"line":27,"column":2},"end":{"line":27,"column":42}},"15":{"start":{"line":26,"column":0},"end":{"line":26,"column":16}},"16":{"start":{"line":31,"column":2},"end":{"line":31,"column":39}},"17":{"start":{"line":30,"column":0},"end":{"line":30,"column":16}},"18":{"start":{"line":35,"column":2},"end":{"line":35,"column":40}},"19":{"start":{"line":34,"column":0},"end":{"line":34,"column":16}},"20":{"start":{"line":39,"column":2},"end":{"line":39,"column":43}},"21":{"start":{"line":38,"column":0},"end":{"line":38,"column":16}},"22":{"start":{"line":43,"column":2},"end":{"line":43,"column":43}},"23":{"start":{"line":42,"column":0},"end":{"line":42,"column":16}},"24":{"start":{"line":47,"column":2},"end":{"line":47,"column":52}},"25":{"start":{"line":46,"column":0},"end":{"line":46,"column":16}}},"fnMap":{"0":{"name":"isAppError","decl":{"start":{"line":13,"column":16},"end":{"line":13,"column":26}},"loc":{"start":{"line":13,"column":40},"end":{"line":15,"column":1}}},"1":{"name":"errorTypeToStatusCode","decl":{"start":{"line":17,"column":16},"end":{"line":17,"column":37}},"loc":{"start":{"line":17,"column":57},"end":{"line":24,"column":1}}},"2":{"name":"badRequestError","decl":{"start":{"line":26,"column":16},"end":{"line":26,"column":31}},"loc":{"start":{"line":26,"column":48},"end":{"line":28,"column":1}}},"3":{"name":"conflictError","decl":{"start":{"line":30,"column":16},"end":{"line":30,"column":29}},"loc":{"start":{"line":30,"column":46},"end":{"line":32,"column":1}}},"4":{"name":"notFoundError","decl":{"start":{"line":34,"column":16},"end":{"line":34,"column":29}},"loc":{"start":{"line":34,"column":46},"end":{"line":36,"column":1}}},"5":{"name":"unauthorizedError","decl":{"start":{"line":38,"column":16},"end":{"line":38,"column":33}},"loc":{"start":{"line":38,"column":50},"end":{"line":40,"column":1}}},"6":{"name":"wrongSchemaError","decl":{"start":{"line":42,"column":16},"end":{"line":42,"column":32}},"loc":{"start":{"line":42,"column":49},"end":{"line":44,"column":1}}},"7":{"name":"internalServerError","decl":{"start":{"line":46,"column":16},"end":{"line":46,"column":35}},"loc":{"start":{"line":46,"column":52},"end":{"line":48,"column":1}}}},"branchMap":{"0":{"loc":{"start":{"line":18,"column":2},"end":{"line":18,"column":38}},"type":"if","locations":[{"start":{"line":18,"column":2},"end":{"line":18,"column":38}}]},"1":{"loc":{"start":{"line":19,"column":2},"end":{"line":19,"column":39}},"type":"if","locations":[{"start":{"line":19,"column":2},"end":{"line":19,"column":39}}]},"2":{"loc":{"start":{"line":20,"column":2},"end":{"line":20,"column":42}},"type":"if","locations":[{"start":{"line":20,"column":2},"end":{"line":20,"column":42}}]},"3":{"loc":{"start":{"line":21,"column":2},"end":{"line":21,"column":42}},"type":"if","locations":[{"start":{"line":21,"column":2},"end":{"line":21,"column":42}}]},"4":{"loc":{"start":{"line":22,"column":2},"end":{"line":22,"column":51}},"type":"if","locations":[{"start":{"line":22,"column":2},"end":{"line":22,"column":51}}]}},"s":{"0":0,"1":6,"2":0,"3":0,"4":0,"5":0,"6":0,"7":0,"8":0,"9":0,"10":0,"11":0,"12":0,"13":6,"14":2,"15":6,"16":6,"17":6,"18":6,"19":6,"20":12,"21":6,"22":0,"23":6,"24":0,"25":6},"f":{"0":0,"1":0,"2":2,"3":6,"4":6,"5":12,"6":0,"7":0},"b":{"0":[0],"1":[0],"2":[0],"3":[0],"4":[0]}}
,"/home/ramon/Documents/Projetos-Driven/Projeto_20_todo/backend/src/utils/taskRepositoryUtils.ts": {"path":"/home/ramon/Documents/Projetos-Driven/Projeto_20_todo/backend/src/utils/taskRepositoryUtils.ts","statementMap":{"0":{"start":{"line":1,"column":0},"end":{"line":1,"column":26}},"1":{"start":{"line":2,"column":0},"end":{"line":2,"column":51}},"2":{"start":{"line":5,"column":2},"end":{"line":8,"column":19}},"3":{"start":{"line":4,"column":0},"end":{"line":4,"column":16}},"4":{"start":{"line":12,"column":2},"end":{"line":12,"column":61}},"5":{"start":{"line":11,"column":0},"end":{"line":11,"column":16}}},"fnMap":{"0":{"name":"getWeekDayDate","decl":{"start":{"line":4,"column":16},"end":{"line":4,"column":30}},"loc":{"start":{"line":4,"column":68},"end":{"line":9,"column":1}}},"1":{"name":"getNextDayDateFormated","decl":{"start":{"line":11,"column":16},"end":{"line":11,"column":38}},"loc":{"start":{"line":11,"column":49},"end":{"line":13,"column":1}}}},"branchMap":{},"s":{"0":5,"1":5,"2":9,"3":5,"4":3,"5":5},"f":{"0":9,"1":3},"b":{}}
,"/home/ramon/Documents/Projetos-Driven/Projeto_20_todo/backend/src/utils/taskServiceUtils.ts": {"path":"/home/ramon/Documents/Projetos-Driven/Projeto_20_todo/backend/src/utils/taskServiceUtils.ts","statementMap":{"0":{"start":{"line":1,"column":0},"end":{"line":1,"column":26}},"1":{"start":{"line":5,"column":25},"end":{"line":5,"column":62}},"2":{"start":{"line":6,"column":2},"end":{"line":6,"column":40}},"3":{"start":{"line":4,"column":0},"end":{"line":4,"column":16}},"4":{"start":{"line":10,"column":2},"end":{"line":12,"column":null}},"5":{"start":{"line":11,"column":4},"end":{"line":11,"column":44}},"6":{"start":{"line":9,"column":0},"end":{"line":9,"column":16}}},"fnMap":{"0":{"name":"formatDate","decl":{"start":{"line":4,"column":16},"end":{"line":4,"column":26}},"loc":{"start":{"line":4,"column":39},"end":{"line":7,"column":1}}},"1":{"name":"parseQueries","decl":{"start":{"line":9,"column":16},"end":{"line":9,"column":28}},"loc":{"start":{"line":9,"column":55},"end":{"line":13,"column":1}}}},"branchMap":{},"s":{"0":5,"1":8,"2":8,"3":5,"4":3,"5":6,"6":5},"f":{"0":8,"1":3},"b":{}}
,"/home/ramon/Documents/Projetos-Driven/Projeto_20_todo/backend/tests/helpers.ts": {"path":"/home/ramon/Documents/Projetos-Driven/Projeto_20_todo/backend/tests/helpers.ts","statementMap":{"0":{"start":{"line":1,"column":0},"end":{"line":1,"column":72}},"1":{"start":{"line":2,"column":0},"end":{"line":2,"column":64}},"2":{"start":{"line":3,"column":0},"end":{"line":3,"column":64}},"3":{"start":{"line":6,"column":2},"end":{"line":6,"column":34}},"4":{"start":{"line":7,"column":2},"end":{"line":7,"column":38}},"5":{"start":{"line":8,"column":2},"end":{"line":8,"column":34}},"6":{"start":{"line":5,"column":0},"end":{"line":5,"column":22}}},"fnMap":{"0":{"name":"cleanDb","decl":{"start":{"line":5,"column":22},"end":{"line":5,"column":29}},"loc":{"start":{"line":5,"column":29},"end":{"line":9,"column":null}}}},"branchMap":{},"s":{"0":1,"1":1,"2":1,"3":1,"4":1,"5":1,"6":1},"f":{"0":1},"b":{}}
,"/home/ramon/Documents/Projetos-Driven/Projeto_20_todo/backend/tests/factories/authFactory.ts": {"path":"/home/ramon/Documents/Projetos-Driven/Projeto_20_todo/backend/tests/factories/authFactory.ts","statementMap":{"0":{"start":{"line":1,"column":0},"end":{"line":1,"column":57}},"1":{"start":{"line":2,"column":0},"end":{"line":2,"column":52}},"2":{"start":{"line":3,"column":0},"end":{"line":3,"column":40}},"3":{"start":{"line":6,"column":15},"end":{"line":6,"column":28}},"4":{"start":{"line":7,"column":2},"end":{"line":7,"column":32}},"5":{"start":{"line":8,"column":2},"end":{"line":8,"column":19}},"6":{"start":{"line":10,"column":2},"end":{"line":10,"column":33}},"7":{"start":{"line":5,"column":0},"end":{"line":5,"column":30}}},"fnMap":{"0":{"name":"authFactory","decl":{"start":{"line":5,"column":30},"end":{"line":5,"column":41}},"loc":{"start":{"line":5,"column":41},"end":{"line":11,"column":null}}}},"branchMap":{},"s":{"0":2,"1":2,"2":2,"3":6,"4":6,"5":6,"6":6,"7":2},"f":{"0":6},"b":{}}
,"/home/ramon/Documents/Projetos-Driven/Projeto_20_todo/backend/tests/factories/categoryFactory.ts": {"path":"/home/ramon/Documents/Projetos-Driven/Projeto_20_todo/backend/tests/factories/categoryFactory.ts","statementMap":{"0":{"start":{"line":1,"column":0},"end":{"line":1,"column":40}},"1":{"start":{"line":7,"column":2},"end":{"line":12,"column":16}},"2":{"start":{"line":6,"column":0},"end":{"line":6,"column":24}}},"fnMap":{"0":{"name":"categoryFactory","decl":{"start":{"line":6,"column":24},"end":{"line":6,"column":39}},"loc":{"start":{"line":6,"column":55},"end":{"line":13,"column":1}}}},"branchMap":{},"s":{"0":4,"1":12,"2":4},"f":{"0":12},"b":{}}
,"/home/ramon/Documents/Projetos-Driven/Projeto_20_todo/backend/tests/factories/createCategoryFactory.ts": {"path":"/home/ramon/Documents/Projetos-Driven/Projeto_20_todo/backend/tests/factories/createCategoryFactory.ts","statementMap":{"0":{"start":{"line":2,"column":0},"end":{"line":2,"column":44}},"1":{"start":{"line":3,"column":0},"end":{"line":3,"column":65}},"2":{"start":{"line":4,"column":0},"end":{"line":4,"column":48}},"3":{"start":{"line":10,"column":2},"end":{"line":20,"column":null}},"4":{"start":{"line":11,"column":35},"end":{"line":11,"column":37}},"5":{"start":{"line":13,"column":4},"end":{"line":16,"column":null}},"6":{"start":{"line":13,"column":17},"end":{"line":13,"column":18}},"7":{"start":{"line":14,"column":23},"end":{"line":14,"column":57}},"8":{"start":{"line":15,"column":6},"end":{"line":15,"column":32}},"9":{"start":{"line":18,"column":4},"end":{"line":18,"column":59}},"10":{"start":{"line":19,"column":4},"end":{"line":19,"column":22}},"11":{"start":{"line":22,"column":19},"end":{"line":22,"column":53}},"12":{"start":{"line":23,"column":2},"end":{"line":23,"column":49}},"13":{"start":{"line":25,"column":2},"end":{"line":25,"column":18}},"14":{"start":{"line":6,"column":0},"end":{"line":6,"column":30}}},"fnMap":{"0":{"name":"createCategoryFactory","decl":{"start":{"line":6,"column":30},"end":{"line":6,"column":51}},"loc":{"start":{"line":8,"column":17},"end":{"line":26,"column":null}}}},"branchMap":{"0":{"loc":{"start":{"line":10,"column":2},"end":{"line":20,"column":null}},"type":"if","locations":[{"start":{"line":10,"column":2},"end":{"line":20,"column":null}}]}},"s":{"0":2,"1":2,"2":2,"3":5,"4":2,"5":2,"6":2,"7":4,"8":4,"9":2,"10":2,"11":3,"12":3,"13":3,"14":2},"f":{"0":5},"b":{"0":[2]}}
,"/home/ramon/Documents/Projetos-Driven/Projeto_20_todo/backend/tests/factories/createTaskFactory.ts": {"path":"/home/ramon/Documents/Projetos-Driven/Projeto_20_todo/backend/tests/factories/createTaskFactory.ts","statementMap":{"0":{"start":{"line":2,"column":0},"end":{"line":2,"column":26}},"1":{"start":{"line":3,"column":0},"end":{"line":3,"column":44}},"2":{"start":{"line":4,"column":0},"end":{"line":4,"column":40}},"3":{"start":{"line":15,"column":15},"end":{"line":15,"column":57}},"4":{"start":{"line":16,"column":20},"end":{"line":16,"column":36}},"5":{"start":{"line":18,"column":52},"end":{"line":23,"column":5}},"6":{"start":{"line":18,"column":77},"end":{"line":22,"column":null}},"7":{"start":{"line":24,"column":2},"end":{"line":24,"column":20}},"8":{"start":{"line":25,"column":2},"end":{"line":25,"column":23}},"9":{"start":{"line":27,"column":2},"end":{"line":29,"column":5}},"10":{"start":{"line":9,"column":0},"end":{"line":9,"column":30}}},"fnMap":{"0":{"name":"createTaskFactory","decl":{"start":{"line":9,"column":30},"end":{"line":9,"column":47}},"loc":{"start":{"line":13,"column":27},"end":{"line":30,"column":null}}},"1":{"name":"(anonymous_10)","decl":{"start":{"line":18,"column":70},"end":{"line":18,"column":71}},"loc":{"start":{"line":18,"column":77},"end":{"line":22,"column":null}}}},"branchMap":{},"s":{"0":2,"1":2,"2":2,"3":4,"4":4,"5":4,"6":28,"7":4,"8":4,"9":4,"10":2},"f":{"0":4,"1":28},"b":{}}
,"/home/ramon/Documents/Projetos-Driven/Projeto_20_todo/backend/tests/factories/createUserFactory.ts": {"path":"/home/ramon/Documents/Projetos-Driven/Projeto_20_todo/backend/tests/factories/createUserFactory.ts","statementMap":{"0":{"start":{"line":1,"column":0},"end":{"line":1,"column":28}},"1":{"start":{"line":2,"column":0},"end":{"line":2,"column":null}},"2":{"start":{"line":7,"column":2},"end":{"line":10,"column":5}},"3":{"start":{"line":6,"column":0},"end":{"line":6,"column":30}}},"fnMap":{"0":{"name":"createUserFactory","decl":{"start":{"line":6,"column":30},"end":{"line":6,"column":47}},"loc":{"start":{"line":6,"column":66},"end":{"line":11,"column":null}}}},"branchMap":{},"s":{"0":2,"1":2,"2":6,"3":2},"f":{"0":6},"b":{}}
,"/home/ramon/Documents/Projetos-Driven/Projeto_20_todo/backend/tests/factories/taskFactory.ts": {"path":"/home/ramon/Documents/Projetos-Driven/Projeto_20_todo/backend/tests/factories/taskFactory.ts","statementMap":{"0":{"start":{"line":1,"column":0},"end":{"line":1,"column":40}},"1":{"start":{"line":4,"column":0},"end":{"line":4,"column":48}},"2":{"start":{"line":9,"column":19},"end":{"line":9,"column":36}},"3":{"start":{"line":10,"column":16},"end":{"line":10,"column":17}},"4":{"start":{"line":12,"column":2},"end":{"line":18,"column":29}},"5":{"start":{"line":8,"column":0},"end":{"line":8,"column":24}}},"fnMap":{"0":{"name":"taskFactory","decl":{"start":{"line":8,"column":24},"end":{"line":8,"column":35}},"loc":{"start":{"line":8,"column":50},"end":{"line":19,"column":1}}}},"branchMap":{},"s":{"0":3,"1":3,"2":10,"3":10,"4":10,"5":3},"f":{"0":10},"b":{}}
,"/home/ramon/Documents/Projetos-Driven/Projeto_20_todo/backend/tests/factories/userFactory.ts": {"path":"/home/ramon/Documents/Projetos-Driven/Projeto_20_todo/backend/tests/factories/userFactory.ts","statementMap":{"0":{"start":{"line":1,"column":0},"end":{"line":1,"column":40}},"1":{"start":{"line":9,"column":2},"end":{"line":14,"column":12}},"2":{"start":{"line":8,"column":0},"end":{"line":8,"column":24}}},"fnMap":{"0":{"name":"userFactory","decl":{"start":{"line":8,"column":24},"end":{"line":8,"column":35}},"loc":{"start":{"line":8,"column":51},"end":{"line":15,"column":1}}}},"branchMap":{},"s":{"0":6,"1":18,"2":6},"f":{"0":18},"b":{}}
,"/home/ramon/Documents/Projetos-Driven/Projeto_20_todo/backend/tests/factories/weekDaysFactory.ts": {"path":"/home/ramon/Documents/Projetos-Driven/Projeto_20_todo/backend/tests/factories/weekDaysFactory.ts","statementMap":{"0":{"start":{"line":2,"column":2},"end":{"line":10,"column":4}},"1":{"start":{"line":1,"column":0},"end":{"line":1,"column":24}}},"fnMap":{"0":{"name":"weekDaysFactory","decl":{"start":{"line":1,"column":24},"end":{"line":1,"column":39}},"loc":{"start":{"line":1,"column":39},"end":{"line":11,"column":1}}}},"branchMap":{},"s":{"0":11,"1":3},"f":{"0":11},"b":{}}
}
