TN:
SF:src/app.ts
FNF:0
FNH:0
DA:1,3
DA:2,3
DA:3,3
DA:4,3
DA:5,3
DA:6,3
DA:8,3
DA:9,3
DA:10,3
DA:11,3
DA:12,3
DA:14,3
LF:12
LH:12
BRF:0
BRH:0
end_of_record
TN:
SF:src/database.ts
FNF:0
FNH:0
DA:1,6
DA:3,6
DA:4,6
LF:3
LH:3
BRF:0
BRH:0
end_of_record
TN:
SF:src/setup.ts
FNF:0
FNH:0
DA:1,3
DA:2,3
LF:2
LH:2
BRF:0
BRH:0
end_of_record
TN:
SF:src/controllers/categoryController.ts
FN:5,create
FN:14,getAll
FNF:2
FNH:1
FNDA:1,create
FNDA:0,getAll
DA:3,3
DA:6,1
DA:7,1
DA:9,1
DA:11,1
DA:15,0
DA:17,0
DA:19,0
DA:22,3
DA:27,3
LF:10
LH:7
BRF:0
BRH:0
end_of_record
TN:
SF:src/controllers/dayController.ts
FN:4,getAll
FNF:1
FNH:0
FNDA:0,getAll
DA:2,3
DA:5,0
DA:7,0
DA:10,3
DA:14,3
LF:5
LH:3
BRF:0
BRH:0
end_of_record
TN:
SF:src/controllers/e2eController.ts
FN:4,truncate
FNF:1
FNH:0
FNDA:0,truncate
DA:2,3
DA:5,0
DA:7,0
DA:10,3
DA:14,3
LF:5
LH:3
BRF:0
BRH:0
end_of_record
TN:
SF:src/controllers/taskController.ts
FN:5,create
FNF:1
FNH:1
FNDA:1,create
DA:3,3
DA:6,1
DA:7,1
DA:9,1
DA:11,1
DA:22,3
DA:26,3
LF:7
LH:7
BRF:0
BRH:0
end_of_record
TN:
SF:src/controllers/userController.ts
FN:5,signUp
FN:13,login
FNF:2
FNH:2
FNDA:1,signUp
FNDA:1,login
DA:3,3
DA:6,1
DA:8,1
DA:10,1
DA:14,1
DA:16,1
DA:18,1
DA:21,3
DA:26,3
LF:9
LH:9
BRF:0
BRH:0
end_of_record
TN:
SF:src/middlewares/ensureAuthenticatedMiddleware.ts
FN:5,ensureAuthenticatedMiddleware
FNF:1
FNH:1
FNDA:2,ensureAuthenticatedMiddleware
DA:2,3
DA:3,3
DA:5,3
DA:10,2
DA:11,2
DA:13,2
DA:14,2
DA:16,2
DA:17,2
DA:21,2
DA:23,2
DA:25,0
DA:26,0
LF:13
LH:11
BRDA:11,0,0,0
BRDA:14,1,0,0
BRF:2
BRH:0
end_of_record
TN:
SF:src/middlewares/errorHandlerMiddleware.ts
FN:8,errorHandlerMiddleware
FNF:1
FNH:0
FNDA:0,errorHandlerMiddleware
DA:2,3
DA:8,3
DA:14,0
DA:16,0
DA:17,0
DA:20,0
LF:6
LH:2
BRDA:16,0,0,0
BRF:1
BRH:0
end_of_record
TN:
SF:src/middlewares/validateSchemaMiddleware.ts
FN:5,validateSchemaMiddleware
FN:6,(anonymous_1)
FNF:2
FNH:2
FNDA:12,validateSchemaMiddleware
FNDA:4,(anonymous_1)
DA:3,3
DA:5,3
DA:6,12
DA:7,4
DA:8,4
DA:9,0
DA:12,4
LF:7
LH:6
BRDA:8,0,0,0
BRF:1
BRH:0
end_of_record
TN:
SF:src/repositories/categoryRepository.ts
FN:6,insert
FN:12,getById
FN:20,getByNameAndUserId
FN:29,getByUserId
FN:37,truncate
FNF:5
FNH:4
FNDA:2,insert
FNDA:1,getById
FNDA:3,getByNameAndUserId
FNDA:0,getByUserId
FNDA:5,truncate
DA:2,5
DA:7,2
DA:13,1
DA:21,3
DA:30,0
DA:38,5
DA:41,5
DA:49,5
LF:8
LH:7
BRF:0
BRH:0
end_of_record
TN:
SF:src/repositories/dayRepository.ts
FN:6,findAll
FNF:1
FNH:1
FNDA:5,findAll
DA:2,4
DA:7,5
DA:10,4
DA:14,4
LF:4
LH:4
BRF:0
BRH:0
end_of_record
TN:
SF:src/repositories/taskRepository.ts
FN:6,insert
FN:12,(anonymous_1)
FN:20,getByNameAndUserId
FN:31,truncate
FNF:4
FNH:4
FNDA:1,insert
FNDA:1,(anonymous_1)
FNDA:2,getByNameAndUserId
FNDA:3,truncate
DA:2,4
DA:7,1
DA:12,1
DA:21,2
DA:32,3
DA:35,4
DA:37,4
LF:7
LH:7
BRF:0
BRH:0
end_of_record
TN:
SF:src/repositories/userRepository.ts
FN:6,insert
FN:12,getById
FN:20,getByEmail
FN:28,truncate
FNF:4
FNH:4
FNDA:4,insert
FNDA:2,getById
FNDA:5,getByEmail
FNDA:5,truncate
DA:2,6
DA:7,4
DA:13,2
DA:21,5
DA:29,5
DA:32,6
DA:39,6
LF:7
LH:7
BRF:0
BRH:0
end_of_record
TN:
SF:src/routers/categoryRouter.ts
FNF:0
FNH:0
DA:1,3
DA:2,3
DA:3,3
DA:4,3
DA:5,3
DA:7,3
DA:8,3
DA:15,3
DA:21,3
LF:9
LH:9
BRF:0
BRH:0
end_of_record
TN:
SF:src/routers/dayRouter.ts
FNF:0
FNH:0
DA:1,3
DA:2,3
DA:4,3
DA:5,3
DA:7,3
LF:5
LH:5
BRF:0
BRH:0
end_of_record
TN:
SF:src/routers/e2eRouter.ts
FNF:0
FNH:0
DA:1,3
DA:2,3
DA:4,3
DA:5,3
DA:7,3
LF:5
LH:5
BRF:0
BRH:0
end_of_record
TN:
SF:src/routers/index.ts
FNF:0
FNH:0
DA:1,3
DA:2,3
DA:3,3
DA:4,3
DA:5,3
DA:6,3
DA:8,3
DA:9,3
DA:10,3
DA:11,3
DA:12,3
DA:14,3
DA:15,3
DA:18,3
LF:14
LH:14
BRDA:14,0,0,3
BRF:1
BRH:1
end_of_record
TN:
SF:src/routers/taskRouter.ts
FNF:0
FNH:0
DA:1,3
DA:2,3
DA:3,3
DA:4,3
DA:5,3
DA:7,3
DA:8,3
DA:21,3
LF:8
LH:8
BRF:0
BRH:0
end_of_record
TN:
SF:src/routers/userRouter.ts
FNF:0
FNH:0
DA:1,3
DA:2,3
DA:3,3
DA:4,3
DA:5,3
DA:7,3
DA:8,3
DA:14,3
DA:20,3
LF:9
LH:9
BRF:0
BRH:0
end_of_record
TN:
SF:src/schemas/categorySchema.ts
FNF:0
FNH:0
DA:1,3
DA:4,3
DA:10,3
LF:3
LH:3
BRF:0
BRH:0
end_of_record
TN:
SF:src/schemas/createTaskSchema.ts
FNF:0
FNH:0
DA:1,3
DA:4,3
DA:10,3
LF:3
LH:3
BRF:0
BRH:0
end_of_record
TN:
SF:src/schemas/loginSchema.ts
FNF:0
FNH:0
DA:1,3
DA:4,3
DA:9,3
LF:3
LH:3
BRF:0
BRH:0
end_of_record
TN:
SF:src/schemas/signUpSchema.ts
FNF:0
FNH:0
DA:1,3
DA:4,3
DA:10,3
LF:3
LH:3
BRF:0
BRH:0
end_of_record
TN:
SF:src/services/categoryService.ts
FN:10,create
FN:20,getAll
FN:26,validateDuplicate
FN:37,validateExistence
FNF:4
FNH:3
FNDA:5,create
FNDA:0,getAll
FNDA:4,validateDuplicate
FNDA:4,validateExistence
DA:2,5
DA:3,5
DA:6,5
DA:11,5
DA:12,4
DA:14,3
DA:21,0
DA:23,0
DA:27,4
DA:32,4
DA:33,1
DA:38,4
DA:40,4
DA:41,1
DA:45,5
DA:51,5
LF:16
LH:14
BRDA:32,0,0,1
BRDA:40,1,0,1
BRF:2
BRH:2
end_of_record
TN:
SF:src/services/dayService.ts
FN:5,getAll
FN:9,validateDaysExistence
FN:12,(anonymous_12)
FN:13,(anonymous_13)
FNF:4
FNH:4
FNDA:5,getAll
FNDA:5,validateDaysExistence
FNDA:11,(anonymous_12)
FNDA:38,(anonymous_13)
DA:2,4
DA:3,4
DA:6,5
DA:10,5
DA:12,5
DA:13,38
DA:15,11
DA:16,1
DA:21,4
DA:26,4
LF:10
LH:10
BRDA:15,0,0,1
BRF:1
BRH:1
end_of_record
TN:
SF:src/services/e2eService.ts
FN:4,truncate
FNF:1
FNH:0
FNDA:0,truncate
DA:1,3
DA:2,3
DA:5,0
DA:6,0
DA:9,3
DA:13,3
LF:6
LH:4
BRF:0
BRH:0
end_of_record
TN:
SF:src/services/taskService.ts
FN:8,create
FN:16,validateDuplicate
FNF:2
FNH:2
FNDA:5,create
FNDA:3,validateDuplicate
DA:1,4
DA:4,4
DA:5,4
DA:6,4
DA:9,5
DA:10,4
DA:11,3
DA:13,2
DA:17,3
DA:19,3
DA:20,1
DA:24,4
DA:28,4
LF:13
LH:13
BRDA:19,0,0,1
BRF:1
BRH:1
end_of_record
TN:
SF:src/services/userService.ts
FN:10,signUp
FN:21,login
FN:44,validateDuplicateUser
FN:52,getUserOrfail
FN:62,validatePassword
FN:70,validateUserExistence
FNF:6
FNH:6
FNDA:2,signUp
FNDA:5,login
FNDA:2,validateDuplicateUser
FNDA:5,getUserOrfail
FNDA:4,validatePassword
FNDA:5,validateUserExistence
DA:1,6
DA:2,6
DA:7,6
DA:8,6
DA:11,2
DA:13,1
DA:26,5
DA:28,4
DA:30,3
DA:31,3
DA:35,3
DA:41,3
DA:45,2
DA:47,2
DA:48,1
DA:53,5
DA:55,5
DA:56,1
DA:59,4
DA:63,4
DA:65,4
DA:66,1
DA:71,5
DA:73,5
DA:74,1
DA:78,6
DA:84,6
LF:27
LH:27
BRDA:47,0,0,1
BRDA:55,1,0,1
BRDA:65,2,0,1
BRDA:73,3,0,1
BRF:4
BRH:4
end_of_record
TN:
SF:src/utils/errorUtils.ts
FN:12,isAppError
FN:16,errorTypeToStatusCode
FN:24,badRequestError
FN:28,conflictError
FN:32,notFoundError
FN:36,unauthorizedError
FN:40,wrongSchemaError
FNF:7
FNH:4
FNDA:0,isAppError
FNDA:0,errorTypeToStatusCode
FNDA:2,badRequestError
FNDA:6,conflictError
FNDA:4,notFoundError
FNDA:4,unauthorizedError
FNDA:0,wrongSchemaError
DA:12,6
DA:13,0
DA:16,6
DA:17,0
DA:18,0
DA:19,0
DA:20,0
DA:21,0
DA:24,6
DA:25,2
DA:28,6
DA:29,6
DA:32,6
DA:33,4
DA:36,6
DA:37,4
DA:40,6
DA:41,0
LF:18
LH:11
BRDA:17,0,0,0
BRDA:18,1,0,0
BRDA:19,2,0,0
BRDA:20,3,0,0
BRF:4
BRH:0
end_of_record
TN:
SF:tests/helpers.ts
FN:5,cleanDb
FNF:1
FNH:1
FNDA:3,cleanDb
DA:1,3
DA:2,3
DA:3,3
DA:5,3
DA:6,3
DA:7,3
DA:8,3
LF:7
LH:7
BRF:0
BRH:0
end_of_record
TN:
SF:tests/factories/authFactory.ts
FN:5,authFactory
FNF:1
FNH:1
FNDA:2,authFactory
DA:1,2
DA:2,2
DA:3,2
DA:5,2
DA:6,2
DA:7,2
DA:8,2
DA:10,2
LF:8
LH:8
BRF:0
BRH:0
end_of_record
TN:
SF:tests/factories/categoryFactory.ts
FN:6,categoryFactory
FNF:1
FNH:1
FNDA:7,categoryFactory
DA:1,4
DA:6,4
DA:7,7
LF:3
LH:3
BRF:0
BRH:0
end_of_record
TN:
SF:tests/factories/createCategoryFactory.ts
FN:4,createCategoryFactory
FNF:1
FNH:1
FNDA:1,createCategoryFactory
DA:1,1
DA:2,1
DA:4,1
DA:5,1
DA:6,1
DA:8,1
LF:6
LH:6
BRF:0
BRH:0
end_of_record
TN:
SF:tests/factories/createUserFactory.ts
FN:6,createUserFactory
FNF:1
FNH:1
FNDA:2,createUserFactory
DA:1,2
DA:2,2
DA:6,2
DA:7,2
LF:4
LH:4
BRF:0
BRH:0
end_of_record
TN:
SF:tests/factories/daysFactory.ts
FN:1,daysFactory
FNF:1
FNH:1
FNDA:1,daysFactory
DA:1,1
DA:2,1
LF:2
LH:2
BRF:0
BRH:0
end_of_record
TN:
SF:tests/factories/taskFactory.ts
FN:7,taskFactory
FNF:1
FNH:1
FNDA:5,taskFactory
DA:1,2
DA:7,2
DA:8,5
DA:10,5
LF:4
LH:4
BRF:0
BRH:0
end_of_record
TN:
SF:tests/factories/userFactory.ts
FN:8,userFactory
FNF:1
FNH:1
FNDA:9,userFactory
DA:1,5
DA:8,5
DA:9,9
LF:3
LH:3
BRF:0
BRH:0
end_of_record
