TN:
SF:src/app.ts
FNF:0
FNH:0
DA:1,3
DA:2,3
DA:3,3
DA:4,3
DA:5,3
DA:6,3
DA:8,3
DA:9,3
DA:10,3
DA:11,3
DA:12,3
DA:14,3
LF:12
LH:12
BRF:0
BRH:0
end_of_record
TN:
SF:src/database.ts
FNF:0
FNH:0
DA:1,6
DA:3,6
DA:4,6
LF:3
LH:3
BRF:0
BRH:0
end_of_record
TN:
SF:src/setup.ts
FNF:0
FNH:0
DA:1,3
DA:2,3
LF:2
LH:2
BRF:0
BRH:0
end_of_record
TN:
SF:src/controllers/categoryController.ts
FN:5,create
FN:14,getAll
FN:22,getTodays
FNF:3
FNH:1
FNDA:1,create
FNDA:0,getAll
FNDA:0,getTodays
DA:3,3
DA:6,1
DA:7,1
DA:9,1
DA:11,1
DA:15,0
DA:17,0
DA:19,0
DA:23,0
DA:25,0
DA:27,0
DA:30,3
DA:36,3
LF:13
LH:7
BRF:0
BRH:0
end_of_record
TN:
SF:src/controllers/e2eController.ts
FN:4,truncate
FNF:1
FNH:0
FNDA:0,truncate
DA:2,3
DA:5,0
DA:7,0
DA:10,3
DA:14,3
LF:5
LH:3
BRF:0
BRH:0
end_of_record
TN:
SF:src/controllers/eventController.ts
FN:4,check
FNF:1
FNH:0
FNDA:0,check
DA:2,3
DA:5,0
DA:7,0
DA:9,0
DA:12,3
DA:16,3
LF:6
LH:3
BRF:0
BRH:0
end_of_record
TN:
SF:src/controllers/taskController.ts
FN:5,create
FN:14,getAll
FN:22,update
FNF:3
FNH:3
FNDA:1,create
FNDA:1,getAll
FNDA:1,update
DA:3,3
DA:6,1
DA:7,1
DA:9,1
DA:11,1
DA:15,1
DA:17,1
DA:19,1
DA:23,1
DA:25,1
DA:27,1
DA:30,3
DA:36,3
LF:13
LH:13
BRF:0
BRH:0
end_of_record
TN:
SF:src/controllers/userController.ts
FN:5,signUp
FN:13,login
FNF:2
FNH:2
FNDA:1,signUp
FNDA:1,login
DA:3,3
DA:6,1
DA:8,1
DA:10,1
DA:14,1
DA:16,1
DA:18,1
DA:21,3
DA:26,3
LF:9
LH:9
BRF:0
BRH:0
end_of_record
TN:
SF:src/controllers/weekDayController.ts
FN:4,getAll
FNF:1
FNH:0
FNDA:0,getAll
DA:2,3
DA:5,0
DA:7,0
DA:10,3
DA:14,3
LF:5
LH:3
BRF:0
BRH:0
end_of_record
TN:
SF:src/middlewares/ensureAuthenticatedMiddleware.ts
FN:5,ensureAuthenticatedMiddleware
FNF:1
FNH:1
FNDA:4,ensureAuthenticatedMiddleware
DA:2,3
DA:3,3
DA:5,3
DA:10,4
DA:11,4
DA:13,4
DA:14,4
DA:16,4
DA:17,4
DA:21,4
DA:23,4
DA:25,0
DA:26,0
LF:13
LH:11
BRDA:11,0,0,0
BRDA:14,1,0,0
BRF:2
BRH:0
end_of_record
TN:
SF:src/middlewares/errorHandlerMiddleware.ts
FN:8,errorHandlerMiddleware
FNF:1
FNH:0
FNDA:0,errorHandlerMiddleware
DA:2,3
DA:8,3
DA:14,0
DA:16,0
DA:17,0
DA:20,0
LF:6
LH:2
BRDA:16,0,0,0
BRF:1
BRH:0
end_of_record
TN:
SF:src/middlewares/validateSchemaMiddleware.ts
FN:5,validateSchemaMiddleware
FN:6,(anonymous_1)
FNF:2
FNH:2
FNDA:12,validateSchemaMiddleware
FNDA:4,(anonymous_1)
DA:3,3
DA:5,3
DA:6,12
DA:7,4
DA:8,4
DA:9,0
DA:12,4
LF:7
LH:6
BRDA:8,0,0,0
BRF:1
BRH:0
end_of_record
TN:
SF:src/repositories/categoryRepository.ts
FN:7,insert
FN:12,getAllByUserId
FN:23,getById
FN:31,getByNameAndUserId
FN:40,getAllThatHaveTasksToday
FN:63,truncate
FNF:6
FNH:4
FNDA:4,insert
FNDA:0,getAllByUserId
FNDA:2,getById
FNDA:5,getByNameAndUserId
FNDA:0,getAllThatHaveTasksToday
FNDA:7,truncate
DA:2,5
DA:3,5
DA:8,4
DA:13,0
DA:24,2
DA:32,5
DA:41,0
DA:64,7
DA:67,5
DA:76,5
LF:10
LH:8
BRF:0
BRH:0
end_of_record
TN:
SF:src/repositories/eventRepository.ts
FN:12,getById
FN:16,insertMany
FN:30,update
FNF:3
FNH:1
FNDA:0,getById
FNDA:3,insertMany
FNDA:0,update
DA:2,4
DA:13,0
DA:20,3
DA:31,0
DA:37,4
DA:43,4
LF:6
LH:4
BRDA:21,0,0,3
BRDA:21,0,1,0
BRF:2
BRH:1
end_of_record
TN:
SF:src/repositories/taskRepository.ts
FN:19,insert
FN:24,(anonymous_10)
FN:24,(anonymous_11)
FN:38,(anonymous_12)
FN:56,getById
FN:60,getAllByUserIdOrQueries
FN:101,getByUserId
FN:111,getByNameAndUserId
FN:122,update
FN:131,truncate
FNF:10
FNH:9
FNDA:3,insert
FNDA:3,(anonymous_10)
FNDA:3,(anonymous_11)
FNDA:21,(anonymous_12)
FNDA:2,getById
FNDA:1,getAllByUserIdOrQueries
FNDA:0,getByUserId
FNDA:2,getByNameAndUserId
FNDA:1,update
FNDA:3,truncate
DA:2,4
DA:4,4
DA:5,4
DA:9,4
DA:23,3
DA:24,3
DA:25,3
DA:32,3
DA:34,3
DA:35,3
DA:37,3
DA:38,21
DA:47,3
DA:50,3
DA:52,0
DA:57,2
DA:64,1
DA:102,0
DA:112,2
DA:123,1
DA:132,3
DA:135,4
DA:145,4
LF:23
LH:21
BRF:0
BRH:0
end_of_record
TN:
SF:src/repositories/userRepository.ts
FN:6,insert
FN:12,getById
FN:20,getByEmail
FN:28,truncate
FNF:4
FNH:4
FNDA:6,insert
FNDA:6,getById
FNDA:7,getByEmail
FNDA:5,truncate
DA:2,6
DA:7,6
DA:13,6
DA:21,7
DA:29,5
DA:32,6
DA:39,6
LF:7
LH:7
BRF:0
BRH:0
end_of_record
TN:
SF:src/repositories/weekDayRepository.ts
FN:3,findAll
FNF:1
FNH:1
FNDA:5,findAll
DA:1,4
DA:4,5
DA:11,4
DA:15,4
LF:4
LH:4
BRF:0
BRH:0
end_of_record
TN:
SF:src/routers/categoryRouter.ts
FNF:0
FNH:0
DA:1,3
DA:2,3
DA:3,3
DA:4,3
DA:5,3
DA:7,3
DA:8,3
DA:15,3
DA:21,3
DA:27,3
LF:10
LH:10
BRF:0
BRH:0
end_of_record
TN:
SF:src/routers/e2eRouter.ts
FNF:0
FNH:0
DA:1,3
DA:2,3
DA:4,3
DA:5,3
DA:7,3
LF:5
LH:5
BRF:0
BRH:0
end_of_record
TN:
SF:src/routers/eventRouter.ts
FNF:0
FNH:0
DA:1,3
DA:2,3
DA:3,3
DA:5,3
DA:7,3
DA:13,3
LF:6
LH:6
BRF:0
BRH:0
end_of_record
TN:
SF:src/routers/index.ts
FNF:0
FNH:0
DA:1,3
DA:2,3
DA:3,3
DA:4,3
DA:5,3
DA:6,3
DA:7,3
DA:9,3
DA:10,3
DA:11,3
DA:12,3
DA:13,3
DA:14,3
DA:16,3
DA:17,3
DA:20,3
LF:16
LH:16
BRDA:16,0,0,3
BRF:1
BRH:1
end_of_record
TN:
SF:src/routers/taskRouter.ts
FNF:0
FNH:0
DA:1,3
DA:2,3
DA:3,3
DA:4,3
DA:5,3
DA:7,3
DA:8,3
DA:15,3
DA:17,3
DA:23,3
LF:10
LH:10
BRF:0
BRH:0
end_of_record
TN:
SF:src/routers/userRouter.ts
FNF:0
FNH:0
DA:1,3
DA:2,3
DA:3,3
DA:4,3
DA:5,3
DA:7,3
DA:8,3
DA:14,3
DA:20,3
LF:9
LH:9
BRF:0
BRH:0
end_of_record
TN:
SF:src/routers/weekDayRouter.ts
FNF:0
FNH:0
DA:1,3
DA:2,3
DA:4,3
DA:5,3
DA:7,3
LF:5
LH:5
BRF:0
BRH:0
end_of_record
TN:
SF:src/schemas/categorySchema.ts
FNF:0
FNH:0
DA:1,3
DA:4,3
DA:10,3
LF:3
LH:3
BRF:0
BRH:0
end_of_record
TN:
SF:src/schemas/createTaskSchema.ts
FNF:0
FNH:0
DA:1,3
DA:4,3
DA:11,3
LF:3
LH:3
BRF:0
BRH:0
end_of_record
TN:
SF:src/schemas/loginSchema.ts
FNF:0
FNH:0
DA:1,3
DA:4,3
DA:9,3
LF:3
LH:3
BRF:0
BRH:0
end_of_record
TN:
SF:src/schemas/signUpSchema.ts
FNF:0
FNH:0
DA:1,3
DA:4,3
DA:10,3
LF:3
LH:3
BRF:0
BRH:0
end_of_record
TN:
SF:src/services/categoryService.ts
FN:13,create
FN:23,getTodays
FN:32,getAll
FN:38,validateDuplicate
FN:49,validateExistence
FNF:5
FNH:3
FNDA:7,create
FNDA:0,getTodays
FNDA:0,getAll
FNDA:6,validateDuplicate
FNDA:7,validateExistence
DA:2,5
DA:3,5
DA:6,5
DA:7,5
DA:8,5
DA:9,5
DA:14,7
DA:15,6
DA:17,5
DA:24,0
DA:26,0
DA:27,0
DA:29,0
DA:33,0
DA:35,0
DA:39,6
DA:44,6
DA:45,1
DA:50,7
DA:52,7
DA:53,2
DA:57,5
DA:64,5
LF:23
LH:17
BRDA:44,0,0,1
BRDA:52,1,0,2
BRF:2
BRH:2
end_of_record
TN:
SF:src/services/e2eService.ts
FN:4,truncate
FNF:1
FNH:0
FNDA:0,truncate
DA:1,3
DA:2,3
DA:5,0
DA:6,0
DA:9,3
DA:13,3
LF:6
LH:4
BRF:0
BRH:0
end_of_record
TN:
SF:src/services/eventService.ts
FN:6,checkOrUncheck
FN:14,validateExistense
FN:24,validateDate
FNF:3
FNH:0
FNDA:0,checkOrUncheck
FNDA:0,validateExistense
FNDA:0,validateDate
DA:1,3
DA:2,3
DA:3,3
DA:4,3
DA:7,0
DA:9,0
DA:11,0
DA:15,0
DA:17,0
DA:18,0
DA:21,0
DA:25,0
DA:26,0
DA:28,0
DA:29,0
DA:33,3
DA:37,3
LF:17
LH:6
BRDA:17,0,0,0
BRDA:28,1,0,0
BRF:2
BRH:0
end_of_record
TN:
SF:src/services/taskService.ts
FN:11,create
FN:25,getAll
FN:38,update
FN:44,validateDuplicate
FN:52,validateExistense
FNF:5
FNH:5
FNDA:5,create
FNDA:4,getAll
FNDA:3,update
FNDA:3,validateDuplicate
FNDA:3,validateExistense
DA:1,4
DA:5,4
DA:6,4
DA:7,4
DA:8,4
DA:9,4
DA:12,5
DA:13,5
DA:14,4
DA:15,3
DA:17,2
DA:26,4
DA:28,3
DA:29,3
DA:31,3
DA:32,3
DA:35,2
DA:39,3
DA:41,2
DA:45,3
DA:47,3
DA:48,1
DA:53,3
DA:55,3
DA:56,1
DA:60,4
DA:66,4
LF:27
LH:27
BRDA:31,0,0,3
BRDA:47,1,0,1
BRDA:55,2,0,1
BRF:3
BRH:3
end_of_record
TN:
SF:src/services/userService.ts
FN:10,signUp
FN:21,login
FN:44,validateDuplicateUser
FN:52,getUserOrfail
FN:62,validatePassword
FN:70,validateExistence
FNF:6
FNH:6
FNDA:2,signUp
FNDA:7,login
FNDA:2,validateDuplicateUser
FNDA:7,getUserOrfail
FNDA:6,validatePassword
FNDA:16,validateExistence
DA:1,6
DA:2,6
DA:7,6
DA:8,6
DA:11,2
DA:13,1
DA:26,7
DA:28,6
DA:30,5
DA:31,5
DA:35,5
DA:41,5
DA:45,2
DA:47,2
DA:48,1
DA:53,7
DA:55,7
DA:56,1
DA:59,6
DA:63,6
DA:65,6
DA:66,1
DA:71,16
DA:73,16
DA:74,2
DA:78,6
DA:84,6
LF:27
LH:27
BRDA:47,0,0,1
BRDA:55,1,0,1
BRDA:65,2,0,1
BRDA:73,3,0,2
BRF:4
BRH:4
end_of_record
TN:
SF:src/services/weekDayService.ts
FN:5,getAll
FN:9,validateWeekDaysExistence
FN:12,(anonymous_12)
FN:13,(anonymous_13)
FNF:4
FNH:4
FNDA:5,getAll
FNDA:5,validateWeekDaysExistence
FNDA:29,(anonymous_12)
FNDA:119,(anonymous_13)
DA:2,4
DA:3,4
DA:6,5
DA:10,5
DA:12,5
DA:13,119
DA:15,29
DA:16,1
DA:21,4
DA:26,4
LF:10
LH:10
BRDA:15,0,0,1
BRF:1
BRH:1
end_of_record
TN:
SF:src/utils/errorUtils.ts
FN:13,isAppError
FN:17,errorTypeToStatusCode
FN:26,badRequestError
FN:30,conflictError
FN:34,notFoundError
FN:38,unauthorizedError
FN:42,wrongSchemaError
FN:46,internalServerError
FNF:8
FNH:4
FNDA:0,isAppError
FNDA:0,errorTypeToStatusCode
FNDA:2,badRequestError
FNDA:6,conflictError
FNDA:6,notFoundError
FNDA:8,unauthorizedError
FNDA:0,wrongSchemaError
FNDA:0,internalServerError
DA:13,6
DA:14,0
DA:17,6
DA:18,0
DA:19,0
DA:20,0
DA:21,0
DA:22,0
DA:23,0
DA:26,6
DA:27,2
DA:30,6
DA:31,6
DA:34,6
DA:35,6
DA:38,6
DA:39,8
DA:42,6
DA:43,0
DA:46,6
DA:47,0
LF:21
LH:12
BRDA:18,0,0,0
BRDA:19,1,0,0
BRDA:20,2,0,0
BRDA:21,3,0,0
BRDA:22,4,0,0
BRF:5
BRH:0
end_of_record
TN:
SF:src/utils/taskRepositoryUtils.ts
FN:4,getWeekDayDate
FN:11,getNextDayDateFormated
FNF:2
FNH:2
FNDA:21,getWeekDayDate
FNDA:2,getNextDayDateFormated
DA:1,5
DA:2,5
DA:4,5
DA:5,21
DA:11,5
DA:12,2
LF:6
LH:6
BRF:0
BRH:0
end_of_record
TN:
SF:src/utils/taskServiceUtils.ts
FN:4,formatDate
FN:9,parseQueries
FNF:2
FNH:2
FNDA:5,formatDate
FNDA:3,parseQueries
DA:1,5
DA:4,5
DA:5,5
DA:6,5
DA:9,5
DA:10,3
DA:11,6
LF:7
LH:7
BRF:0
BRH:0
end_of_record
TN:
SF:tests/helpers.ts
FN:5,cleanDb
FNF:1
FNH:1
FNDA:3,cleanDb
DA:1,3
DA:2,3
DA:3,3
DA:5,3
DA:6,3
DA:7,3
DA:8,3
LF:7
LH:7
BRF:0
BRH:0
end_of_record
TN:
SF:tests/factories/authFactory.ts
FN:5,authFactory
FNF:1
FNH:1
FNDA:4,authFactory
DA:1,2
DA:2,2
DA:3,2
DA:5,2
DA:6,4
DA:7,4
DA:8,4
DA:10,4
LF:8
LH:8
BRF:0
BRH:0
end_of_record
TN:
SF:tests/factories/categoryFactory.ts
FN:6,categoryFactory
FNF:1
FNH:1
FNDA:10,categoryFactory
DA:1,4
DA:6,4
DA:7,10
LF:3
LH:3
BRF:0
BRH:0
end_of_record
TN:
SF:tests/factories/createCategoryFactory.ts
FN:4,createCategoryFactory
FNF:1
FNH:1
FNDA:3,createCategoryFactory
DA:1,1
DA:2,1
DA:4,1
DA:5,3
DA:6,3
DA:8,3
LF:6
LH:6
BRF:0
BRH:0
end_of_record
TN:
SF:tests/factories/createTaskFactory.ts
FN:7,createTaskFactory
FNF:1
FNH:1
FNDA:2,createTaskFactory
DA:2,1
DA:3,1
DA:7,1
DA:12,2
DA:13,2
LF:5
LH:5
BRF:0
BRH:0
end_of_record
TN:
SF:tests/factories/createUserFactory.ts
FN:6,createUserFactory
FNF:1
FNH:1
FNDA:4,createUserFactory
DA:1,2
DA:2,2
DA:6,2
DA:7,4
LF:4
LH:4
BRF:0
BRH:0
end_of_record
TN:
SF:tests/factories/taskFactory.ts
FN:8,taskFactory
FNF:1
FNH:1
FNDA:8,taskFactory
DA:1,2
DA:4,2
DA:8,2
DA:9,8
DA:10,8
DA:12,8
LF:6
LH:6
BRF:0
BRH:0
end_of_record
TN:
SF:tests/factories/userFactory.ts
FN:8,userFactory
FNF:1
FNH:1
FNDA:13,userFactory
DA:1,6
DA:8,6
DA:9,13
LF:3
LH:3
BRF:0
BRH:0
end_of_record
TN:
SF:tests/factories/weekDaysFactory.ts
FN:1,weekDaysFactory
FNF:1
FNH:1
FNDA:9,weekDaysFactory
DA:1,2
DA:2,9
LF:2
LH:2
BRF:0
BRH:0
end_of_record
